!AIVDO,1,1,,,B5Pihk@006FnS2T@1ec0J8WQV006,0*10
!AIVDO,1,1,,,B5Pihk@006FnS2T@1ec0J8`1V006,0*47
!AIVDO,1,1,,,B5Pihk@006FnS2T@1ec0J8`QV006,0*27
!AIVDO,1,1,,,B5Pihk@006FnS2T@1ec0J8a1V006,0*46
!AIVDO,1,1,,,B5Pihk@006FnS2T@1ec0J89QV006,0*7E
!AIVDO,1,1,,,B5Pihk@006FnS2T@1ec0J8:1V006,0*1D
!AIVDO,1,1,,,B5Pihk@006FnS2T@1ec0J8bQV006,0*25
!AIVDO,1,1,,,B5Pihk@006FnS2T@1ec0J8c1V006,0*44
!AIVDO,1,1,,,B5Pihk@006FnS2T@1ec0J8cQV006,0*24
!AIVDO,1,1,,,B5Pihk@006FnS2T@1ec0J8<1V006,0*1B
!AIVDO,1,1,,,B5Pihk@006FnS2T@1ec0J9<QV006,0*7A
!AIVDO,1,1,,,B5Pihk@006FnS2T@1ec0J8e1V006,0*42
!AIVDO,1,1,,,B5Pihk@006FnS2T@1ec0J8eQV006,0*22
!AIVDO,1,1,,,B5Pihk@006FnS2T@1ec0J8f1V006,0*41
!AIVDO,1,1,,,B5Pihk@006FnS2T@1ec0J8fQV006,0*21
!AIVDO,1,1,,,B5Pihk@006FnS2T@1ec0J8g1V006,0*40
!AIVDO,1,1,,,B5Pihk@006FnS2T@1ec0J8gQV006,0*20
$PFEC,BFT,R,0*0E
!AIVDO,1,1,,D,KmPihkGt`bB;APC<,0*1B
!AIVDO,1,1,,,B5Pihk@006FnS34@1ec0J8h1V006,0*2E
!AIVDO,1,1,,,B5Pihk@006FnS34@1ec0J8hQV006,0*4E
!AIVDO,1,1,,,B5Pihk@006FnS34@1ec0J8i1V006,0*2F
!AIVDO,1,1,,,B5Pihk@006FnS34@1ec0J8iQV006,0*4F
!AIVDO,1,1,,,B5Pihk@006FnS34@1ec0J8j1V006,0*2C
!AIVDO,1,1,,,B5Pihk@006FnS34@1ec0J9BQV006,0*65
!AIVDO,1,1,,,B5Pihk@006FnS34@1ec0J9C1V006,0*04
!AIVDO,1,1,,,B5Pihk@006FnS34@1ec0J9CQV006,0*64
!AIVDO,1,1,,,B5Pihk@006FnS34@1ec0J9D1V006,0*03
!AIVDO,1,1,,,B5Pihk@006FnS34@1ec0J9DQV006,0*63
!AIVDO,1,1,,,B5Pihk@006FnS34@1ec0J8m1V006,0*2B
!AIVDO,1,1,,,B5Pihk@006FnS34@1ec0J9EQV006,0*62
!AIVDO,1,1,,,B5Pihk@006FnS34@1ec0J8n1V006,0*28
!AIVDO,1,1,,,B5Pihk@006FnS34@1ec0J9FQV006,0*61
!AIVDO,1,1,,,B5Pihk@006FnS34@1ec0J9G1V006,0*00
!AIVDO,1,1,,,B5Pihk@006FnS34@1ec0J9GQV006,0*60
!AIVDO,1,1,,,B5Pihk@006FnS34@1ec0J9H1V006,0*0F
!AIVDO,1,1,,,B5Pihk@006FnS34@1ec0J9HQV006,0*6F
!AIVDO,1,1,,,B5Pihk@006FnS34@1ec0J9I1V006,0*0E
!AIVDO,1,1,,,B5Pihk@006FnS34@1ec0J8qQV006,0*57
!AIVDO,1,1,,,B5Pihk@006FnS34@1ec0J8r1V006,0*34
!AIVDO,1,1,,,B5Pihk@006FnS34@1ec0J9JQV006,0*6D
!AIVDO,1,1,,,B5Pihk@006FnS34@1ec0J9K1V006,0*0C
!AIVDO,1,1,,,B5Pihk@006FnS34@1ec0J9KQV006,0*6C
!AIVDO,1,1,,,B5Pihk@006FnS34@1ec0J9L1V006,0*0B
!AIVDO,1,1,,,B5Pihk@006FnS34@1ec0J9LQV006,0*6B
!AIVDO,1,1,,,B5Pihk@006FnS34@1ec0J8u1V006,0*33
!AIVDO,1,1,,,B5Pihk@006FnS34@1ec0J8uQV006,0*53
!AIVDO,1,1,,,B5Pihk@006FnS34@1eW0J8P1V006,0*22
!AIVDO,1,1,,,B5Pihk@006FnS34@1eW0J8PQV006,0*42
!AIVDO,1,1,,,B5Pihk@006FnS34@1eW0J8Q1V006,0*23
!AIVDO,1,1,,,B5Pihk@006FnS34@1eW0J81QV006,0*23
!AIVDO,1,1,,,B5Pihk@006FnS34@1eW0J821V006,0*40
!AIVDO,1,1,,,B5Pihk@006FnS34@1eW0J82QV006,0*20
!AIVDO,1,1,,,B5Pihk@006FnS3T@1eS0J7S1V006,0*4A
$AIALR,,,V,V,*7B
!AIVDO,1,1,,,B5Pihk@006FnS3T@1eS0J7SQV006,0*2A
!AIVDO,1,1,,,B5Pihk@006FnS3T@1eS0J7T1V006,0*4D
!AIVDO,1,1,,,B5Pihk@006FnS3T@1eS0J7TQV006,0*2D
!AIVDO,1,1,,,B5Pihk@006FnS3T@1eQVR7U1V006,0*30
!AIVDO,1,1,,,B5Pihk@006FnS3T@1eQFb75QV006,0*10
!AIVDO,1,1,,,B5Pihk@01VFnS44@1eMDv6V1V006,0*1E
!AIVDO,1,1,,,B5Pihk@01nFnS54@1eIBn6VQV006,0*5D
!AIVDO,1,1,,A,B5Pihk@01nFnS54@1eIBn6VQVDTb,0*58
!AIVDO,1,1,,,B5Pihk@01nFnS64@1eACR6W1V006,0*0A
!AIVDO,1,1,,,B5Pihk@01nFnS74@1e9H>67QV006,0*14
!AIVDO,1,1,,,B5Pihk@01VFnS7T@1e1Jj5`1V006,0*26
!AIVDO,1,1,,,B5Pihk@01nFnS7T@1dqNj58QV006,0*63
!AIVDO,1,1,,,B5Pihk@01FFnS7T@1diPv4a1V006,0*69
!AIVDO,1,1,,,B5Pihk@01VFnS84@1daS:4aQV006,0*31
!AIVDO,1,1,,,B5Pihk@01FFnS84@1dUSf4:1V006,0*72
!AIVDO,1,1,,,B5Pihk@01VFnS8T@1dMS64bQV006,0*72
!AIVDO,1,1,,,B5Pihk@01VFnS94@1dIRJ4c1V006,0*0B
!AIVDO,1,1,,,B5Pihk@01nFnS9T@1dAPb4cQV006,0*11
!AIVDO,1,1,,,B5Pihk@01nFnS:T@1d9O24d1V006,0*42
!AIVDO,1,1,,,B5Pihk@01VFnS;4@1d1QN5dQV006,0*10
!AIVDO,1,1,,,B5Pihk@02FFnS:T@1cqa25e1V006,0*08
!AIVDO,1,1,,,B5Pihk@03FFnS94@1citR5eQV006,0*67
!AIVDO,1,1,,,B5Pihk@03nFnS7T@1cb9>5>1V006,0*30
!AIVDO,1,1,,,B5Pihk@04VFnS54@1cR@R5fQV006,0*70
!AIVDO,1,1,,,B5Pihk@046FnS2T@1cJDJ5?1V006,0*4A
!AIVDO,1,1,,,B5Pihk@03nFnS04@1cFEv4gQV006,0*7F
$PFEC,BFT,R,0*0E
!AIVDO,1,1,,,B5Pihk@03VFnRv4@1c>GB4h1V006,0*21
!AIVDO,1,1,,,B5Pihk@03VFnRsT@1c6GJ4@QV006,0*0C
!AIVDO,1,1,,,B5Pihk@036FnRr4@1c2H63A1V006,0*1C
!AIVDO,1,1,,,B5Pihk@036FnRp4@1brH>2iQV006,0*1E
!AIVDO,1,1,,,B5Pihk@02nFnRn4@1bnI22B1V006,0*03
!AIVDO,1,1,,,B5Pihk@03FFnRl4@1bjIn2BQV006,0*10
!AIVDO,1,1,,,B5Pihk@04FFnRj4@1bbJR1k1V006,0*6C
!AIVDO,1,1,,,B5Pihk@066FnRg4@1bRLF1kQV006,0*51
!AIVDO,1,1,,B,B5Pihk@066FnRg4@1bRLF1kQV8b@,0*3F
!AIVDO,1,1,,,B5Pihk@07FFnRbT@1bJKn1l1V006,0*15
!AIVDO,1,1,,,B5Pihk@09FFnRUT@1b>M21lQV006,0*62
!AIVDM,1,1,,A,15N0<A0P00IKjl:@wAJ@0?wB00S7,0*5D
!AIVDO,1,1,,,B5Pihk@0:6FnRP4@1avKf1E1V006,0*24
!AIVDO,1,1,,,B5Pihk@0;nFnRIT@1afL:1EQV006,0*2F
!AIVDO,1,1,,,B5Pihk@0<FFnRB4@1aJLF0n1V006,0*71
!AIVDO,1,1,,,B5Pihk@0=FFnR:4@1a:N:2FQV006,0*4C
!AIVDO,1,1,,,B5Pihk@0=FFnR24@1`rP23o1V006,0*53
!AIVDO,1,1,,,B5Pihk@0=VFnQqT@1`fPr5GQV006,0*79
!AIVDO,1,1,,,B5Pihk@0>6FnQi4@1`RS>5p1V006,0*4E
!AIVDO,1,1,,,B5Pihk@0>VFnQ`4@1`JSR6pQV006,0*30
!AIVDO,1,1,,,B5Pihk@0?6FnQO4@1`>TN6I1V006,0*48
!AIVDO,1,1,,,B5Pihk@0?6FnQE4@1`:U26IQV006,0*5B
!AIVDO,1,1,,,B5Pihk@0?nFnQ;T@1`2UN6J1V006,0*0A
!AIVDO,1,1,,,B5Pihk@0@nFnQ14@1WrUJ6JQV006,0*0C
!AIVDO,1,1,,,B5Pihk@0AFFnPn4@1WnUR5s1V006,0*25
!AIVDO,1,1,,,B5Pihk@0AVFnPbT@1WfTv5KQV006,0*2C
!AIVDO,1,1,,,B5Pihk@0AVFnPOT@1WVU:4t1V006,0*22
!AIVDO,1,1,,,B5Pihk@0AFFnPDT@1WNTj5LQV006,0*29
!AIVDO,1,1,,,B5Pihk@0@nFnP9T@1WFUV5u1V006,0*11
!AIVDO,1,1,,,B5Pihk@0@VFnOw4@1W>V25uQV006,0*67
!AIVDO,1,1,,,B5Pihk@0@FFnOlT@1W:WJ6P1V006,0*37
!AIVDO,1,1,,,B5Pihk@0@FFnObT@1W:WV70QV006,0*24
!AIVDO,1,1,,,B5Pihk@0A6FnOOT@1W6`:711V006,0*4E
!AIVDO,1,1,,,B5Pihk@0AVFnOE4@1W6`N7QQV006,0*30
!AIVDO,1,1,,,B5Pihk@0B6FnO9T@1W:`n821V006,0*6F
!AIVDO,1,1,,,B5Pihk@0B6FnNv4@1W:aR8RQV006,0*7C
!AIVDO,1,1,,,B5Pihk@0BFFnNj4@1W:ab8S1V006,0*41
!AIVDO,1,1,,A,B5Pihk@0BFFnNj4@1W:ab8S1V96P,0*69
$AIALR,,,V,V,*7B
!AIVDO,1,1,,,B5Pihk@0BFFnNVT@1W>bF8SQV006,0*5E
!AIVDO,1,1,,,B5Pihk@0BFFnNJT@1WBbn8T1V006,0*71
!AIVDO,1,1,,,B5Pihk@0BFFnN?4@1WJbn8TQV006,0*0C
!AIVDM,1,1,,B,403Ow1ivII=k:qM4Ad@uIAg0285p,0*60
!AIVDO,1,1,,,B5Pihk@0AnFnN3T@1WNbr8U1V006,0*32
!AIVDO,1,1,,,B5Pihk@0BFFnMp4@1WRc685QV006,0*60
!AIVDO,1,1,,,B5Pihk@0BFFnMd4@1Wbbj8V1V006,0*1A
!AIVDO,1,1,,,B5Pihk@0BnFnMPT@1WfcB86QV006,0*4B
!AIVDO,1,1,,,B5Pihk@0BnFnMDT@1Wjc28W1V006,0*22
!AIVDO,1,1,,,B5Pihk@0BnFnM8T@1WrcF8WQV006,0*52
!AIVDO,1,1,,,B5Pihk@0C6FnLtT@1Wvbj8`1V006,0*38
!AIVDO,1,1,,,B5Pihk@0C6FnLhT@1`6c:88QV006,0*3A
!AIVDO,1,1,,,B5Pihk@0C6FnLT4@1`:bN891V006,0*7E
!AIVDO,1,1,,,B5Pihk@0BnFnLH4@1`>bV7aQV006,0*10
!AIVDO,1,1,,,B5Pihk@0@nFnL<T@1`BbJ7b1V006,0*05
!AIVDO,1,1,,,B5Pihk@0>nFnL2T@1`FbJ7bQV006,0*11
!AIVDO,1,1,,,B5Pihk@0>FFnKq4@1`Jbb8;1V006,0*0F
!AIVDO,1,1,,,B5Pihk@0>nFnKgT@1`JbB8cQV006,0*49
!AIVDO,1,1,,,B5Pihk@0@6FnKUT@1`Nc29<1V006,0*16
!AIVDO,1,1,,,B5Pihk@0A6FnKK4@1`Rbv9<QV006,0*50
!AIVDO,1,1,,,B5Pihk@0AFFnK@4@1`bc69e1V006,0*63
!AIVDO,1,1,,,B5Pihk@0AFFnK54@1`fbj9=QV006,0*77
!AIVDO,1,1,,,B5Pihk@0A6FnJr4@1`jcf8f1V006,0*7A
!AIVDO,1,1,,,B5Pihk@0@nFnJg4@1`rc>8fQV006,0*16
!AIVDO,1,1,,,B5Pihk@0@VFnJTT@1a2dN9g1V006,0*2B
!AIVDO,1,1,,,B5Pihk@0AFFnJIT@1a:d>:?QV006,0*64
$PFEC,BFT,R,0*0E
!AIVDO,1,1,,,B5Pihk@0C6FnJ>4@1a>dB9h1V006,0*4D
!AIVDO,1,1,,,B5Pihk@0D6FnJ24@1aJdV:@QV006,0*6D
!AIVDO,1,1,,,B5Pihk@0DVFnIm4@1aRd6:i1V006,0*60
!AIVDO,1,1,,,B5Pihk@0EFFnIWT@1abcn9iQV006,0*27
!AIVDO,1,1,,,B5Pihk@0EFFnIJ4@1ajd69j1V006,0*6E
!AIVDO,1,1,,,B5Pihk@0EFFnI<T@1ardF9jQV006,0*70
!AIVDO,1,1,,,B5Pihk@0EFFnHw4@1b6df:C1V006,0*77
!AIVDO,1,1,,B,B5Pihk@0EFFnHw4@1b6df9k1V8fh,0*1E
!AIVDO,1,1,,,B5Pihk@0E6FnHiT@1b>dN:CQV006,0*39
!AIVDO,1,1,,,B5Pihk@0EFFnHT4@1bJdn9l1V006,0*0C
!AIVDO,1,1,,,B5Pihk@0EFFnHFT@1bVdf:DQV006,0*21
!AIVDO,1,1,,A,H5Pihk@l>0EQ0E8TlDq@4j33>20,2*35
!AIVDO,1,1,,,B5Pihk@0E6FnH94@1bfdn:E1V006,0*17
!AIVDO,1,1,,,B5Pihk@0EVFnGsT@1bre2:EQV006,0*7B
!AIVDO,1,1,,,B5Pihk@0EVFnGeT@1c6eN:F1V006,0*37
!AIVDO,1,1,,,B5Pihk@0DnFnGPT@1cBer9nQV006,0*38
!AIVDO,1,1,,,B5Pihk@0BnFnGD4@1cNf::G1V006,0*47
!AIVDO,1,1,,,B5Pihk@0@nFnG8T@1cfgB:oQV006,0*40
!AIVDO,1,1,,,B5Pihk@0?VFnFvT@1crgj;H1V006,0*32
!AIVDO,1,1,,,B5Pihk@0?VFnFlT@1d6i2;pQV006,0*65
!AIVDO,1,1,,,B5Pihk@0?6FnFc4@1dFhf<I1V006,0*11
!AIVDO,1,1,,,B5Pihk@0?6FnFR4@1dbjv<qQV006,0*4E
!AIVDO,1,1,,A,H5PihkDU653<Hcf=35H@hk0`000t,0*17
!AIVDO,1,1,,,B5Pihk@0=VFnFI4@1drl:>J1V006,0*34
!AIVDO,1,1,,,B5Pihk@0<nFnFA4@1e>mR=rQV006,0*7A
!AIVDO,1,1,,,B5Pihk@0;FFnF:4@1eRo2?K1V006,0*7B
!AIVDO,1,1,,,B5Pihk@0:FFnF3T@1enpj?sQV006,0*30
!AIVDO,1,1,,,B5Pihk@0:nFnEuT@1f:qN@t1V006,0*37
!AIVDO,1,1,,,B5Pihk@0:6FnEp4@1fRuvBtQV006,0*3C
!AIVDO,1,1,,,B5Pihk@09nFnEjT@1frrvBM1V006,0*63
!AIVDO,1,1,,,B5Pihk@08nFnEeT@1g>t6CuQV006,0*3F
!AIVDO,1,1,,,B5Pihk@08VFnEa4@1gVtfCP1V006,0*1E
!AIVDO,1,1,,,B5Pihk@08VFnETT@1gw16E0QV006,0*79
!AIVDO,1,1,,,B5Pihk@096FnEP4@1hK3JFQ1V006,0*33
!AIVDM,1,1,,B,H5PihkTU653<HaN=35H@3F08000t,0*02
!AIVDO,1,1,,,B5Pihk@096FnEL4@1hk26G1QV006,0*73
!AIVDO,1,1,,,B5Pihk@08nFnEGT@1i?2fFR1V006,0*46
!AIVDO,1,1,,,B5Pihk@08VFnECT@1ic7VHRQV006,0*7D
!AIVDO,1,1,,,B5Pihk@08nFnE?T@1j73JH31V006,0*77
$AIALR,,,V,V,*7B
!AIVDO,1,1,,,B5Pihk@09FFnE<4@1jW6RJSQV006,0*42
!AIVDO,1,1,,,B5Pihk@08VFnE8T@1k35fIT1V006,0*01
!AIVDO,1,1,,A,B5Pihk@08VFnE8T@1k35fIT1V8oP,0*71
!AIVDO,1,1,,,B5Pihk@08FFnE54@1kS7nKTQV006,0*74
!AIVDO,1,1,,,B5Pihk@086FnE2T@1l382KU1V006,0*36
!AIVDO,1,1,,,B5Pihk@08nFnDwT@1lO9vMUQV006,0*75
!AIVDO,1,1,,,B5Pihk@08nFnDtT@1m3:bMV1V006,0*7F
!AIVDO,1,1,,,B5Pihk@0:6FnDq4@1mS<BNVQV006,0*65
!AIVDO,1,1,,,B5Pihk@09FFnDmT@1n79jM71V006,0*22
!AIVDO,1,1,,,B5Pihk@09nFnDjT@1nc?jN7QV006,0*3C
!AIVDO,1,1,,,B5Pihk@09FFnDg4@1o?;VN`1V006,0*2B
!AIVDO,1,1,,,B5Pihk@096FnDd4@1ok=2M`QV006,0*0D
!AIVDO,1,1,,,B5Pihk@08VFnDa4@1pC=6Na1V006,0*38
!AIVDO,1,1,,,B5Pihk@08VFnDV4@1pk<jN9QV006,0*42
!AIVDO,1,1,,,B5Pihk@08VFnDST@1qGAJNb1V006,0*6C
!AIVDO,1,1,,,B5Pihk@08FFnDPT@1qo;JNbQV006,0*4D
!AIVDO,1,1,,,B5Pihk@07nFnDN4@1rC<VN;1V006,0*19
!AIVDO,1,1,,,B5Pihk@07nFnDL4@1rk@>OcQV006,0*1E
!AIVDO,1,1,,,B5Pihk@07VFnDIT@1sC>VMd1V006,0*19
!AIVDO,1,1,,,B5Pihk@07nFnDGT@1sgCrOdQV006,0*30
!AIVDO,1,1,,,B5Pihk@07FFnDE4@1t?ARN=1V006,0*3F
!AIVDO,1,1,,,B5Pihk@07FFnDC4@1tcBfNeQV006,0*6A
!AIVDO,1,1,,,B5Pihk@076FnDA4@1u7AbO>1V006,0*70
!AIVDM,1,1,,A,B5PihkP05FFnRvT@1bJTV9>1V8Oh,0*04
!AIVDO,1,1,,,B5Pihk@06VFnD>T@1uOAbNfQV006,0*4F
!AIVDO,1,1,,,B5Pihk@06nFnD=4@1usAnOg1V006,0*44
!AIVDO,1,1,,C,KmPihkGt`aj;AQDp,0*7D
!AIVDO,1,1,,,B5Pihk@066FnD;4@1vGA>N?QV006,0*44
$PFEC,BFT,R,0*0E
!AIVDO,1,1,,,B5Pihk@06nFnD9T@1vgB6O@1V006,0*4B
!AIVDO,1,1,,,B5Pihk@05nFnD84@1w;ARN@QV006,0*72
!AIVDM,1,1,,B,15NKCl<011qKdv8A2rS=A:kp0W3h,0*24
!AIVDO,1,1,,,B5Pihk@06FFnD6T@1wSBBNi1V006,0*05
!AIVDO,1,1,,,B5Pihk@066FnD4T@1wsAjNAQV006,0*34
!AIVDO,1,1,,,B5Pihk@066FnD34@20CBRNB1V006,0*7F
!AIVDO,1,1,,,B5Pihk@05nFnD1T@20cABMBQV006,0*16
!AIVDO,1,1,,,B5Pihk@05VFnD04@213C6MC1V006,0*09
!AIVDO,1,1,,B,B5Pihk@05VFnD04@213C6Mk1V8jh,0*6F
!AIVDO,1,1,,,B5Pihk@05nFnCvT@21KB6LkQV006,0*20
!AIVDO,1,1,,,B5Pihk@05VFnCu4@21kC:LD1V006,0*19
!AIVDO,1,1,,,B5Pihk@05FFnCt4@227BNLlQV006,0*6A
!AIVDO,1,1,,,B5Pihk@05VFnCrT@22OBRKm1V006,0*1E
!AIVDO,1,1,,,B5Pihk@05FFnCqT@22oC6LEQV006,0*07
!AIVDO,1,1,,,B5Pihk@04nFnCp4@23;AnKn1V006,0*0C
!AIVDO,1,1,,A,B5Pihk@04nFnCp4@23;AnKn1VDR:,0*57
!AIVDO,1,1,,,B5Pihk@05VFnCnT@23OBjKFQV006,0*70
!AIVDO,1,1,,B,B5Pihk@05VFnCnT@23OBjKFQV8bP,0*0E
!AIVDO,1,1,,,B5Pihk@04nFnCmT@23oBVKo1V006,0*1F
!AIVDO,1,1,,A,B5Pihk@04nFnCmT@23oBVKG1VDaJ,0*2F
!AIVDO,1,1,,,B5Pihk@04nFnClT@247B>JoQV006,0*48
!AIVDO,1,1,,,B5Pihk@04nFnCk4@24OBNJp1V006,0*58
!AIVDO,1,1,,,B5Pihk@04nFnCj4@24kBbJpQV006,0*31
!AIVDO,1,1,,,B5Pihk@04VFnChT@257BNIq1V006,0*78
!AIVDO,1,1,,,B5Pihk@056FnCgT@25KCjJIQV006,0*14
!AIVDO,1,1,,B,B5Pihk@056FnCgT@25KCjJIQV8cP,0*6B
!AIVDO,1,1,,,B5Pihk@04nFnCfT@25gCRJJ1V006,0*3B
!AIVDO,1,1,,A,B5Pihk@04nFnCfT@25gCRJJ1VDMb,0*27
!AIVDO,1,1,,,B5Pihk@04FFnCe4@263CNIJQV006,0*58
!AIVDM,1,1,,B,15NKCl<013qKdr8A2ssuJJop0d0V,0*3A
!AIVDO,1,1,,,B5Pihk@056FnCd4@26GDbJK1V006,0*15
!AIVDO,1,1,,B,B5Pihk@056FnCd4@26GDbJK1V8i0,0*00
!AIVDO,1,1,,,B5Pihk@046FnCc4@26WD:IKQV006,0*38
!AIVDM,1,1,,B,B5PihkP0>FFnP8T@1VnPF9KQV9>P,0*19
!AIVDO,1,1,,A,B5Pihk@04nFnCb4@26sF2It1VDWJ,0*3E
!AIVDO,1,1,,,B5Pihk@04nFnCb4@26sF2It1V006,0*10
!AIVDO,1,1,,,B5Pihk@04FFnCa4@27?EFILQV006,0*59
!AIVDO,1,1,,,B5Pihk@04VFnC`4@27SEjIM1V006,0*69
!AIVDO,1,1,,,B5Pihk@04FFnCW4@27kDVIMQV006,0*2B
!AIVDO,1,1,,,B5Pihk@04FFnCV4@287DnHP1V006,0*3D
!AIVDO,1,1,,,B5Pihk@04VFnCU4@28KDjI0QV006,0*57
!AIVDO,1,1,,,B5Pihk@046FnCT4@28cCFH11V006,0*55
!AIVDO,1,1,,,B5Pihk@05FFnCRT@28wCNHQQV006,0*5E
!AIVDO,1,1,,B,B5Pihk@05FFnCRT@28wCNHQQV8S0,0*71
!AIVDO,1,1,,,B5Pihk@05nFnCQ4@29C=jH21V006,0*79
!AIVDO,1,1,,,B5Pihk@07VFnCN4@29g;>HRQV006,0*2A
!AIVDO,1,1,,,B5Pihk@09FFnCK4@2:;6JH31V006,0*16
!AIVDO,1,1,,,B5Pihk@0pFFjmj4@WHLmE5h1V006,0*46
!AIVDO,1,1,,,B5Pihk@0j6FjnD4@WHhmU6@QV006,0*7E
!AIVDO,1,1,,,B5Pihk@0d6Fjnj4@WI0mI6A1V006,0*7A
!AIVDO,1,1,,A,B5Pihk@0V6Fjo<4@WI@m16AQTL04,0*4A
!AIVDO,1,1,,,B5Pihk@0V6Fjo<4@WI@m16AQV006,0*77
!AIVDO,1,1,,,B5Pihk@0PnFjoRT@WILlq6B1V006,0*09
!AIVDO,1,1,,,B5Pihk@0KVFjomT@WIdl96jQV006,0*3D
!AIVDO,1,1,,,B5Pihk@0FFFjp5T@WIplA5k1V006,0*69
!AIVDO,1,1,,,B5Pihk@0AVFjpB4@WJ4km5CQV006,0*4D
!AIVDO,1,1,,,B5Pihk@0=FFjpL4@WJ<le5D1V006,0*4F
!AIVDO,1,1,,B,B5Pihk@0=FFjpL4@WJ<le4D1T000,0*08
!AIVDO,1,1,,,B5Pihk@0;FFjpST@WJ@ki3lQV006,0*0F
!AIVDO,1,1,,,B5Pihk@0;VFjpc4@WJHk12m1V006,0*7F
!AIVDO,1,1,,,B5Pihk@0;nFjpjT@WJPl92mQV006,0*59
!AIVDO,1,1,,,B5Pihk@0<FFjpr4@WJTkI2F1V006,0*36
!AIVDO,1,1,,A,B5Pihk@0<FFjq24@WJdlm2nQV8T@,0*77
!AIVDO,1,1,,,B5Pihk@0<FFjq24@WJdlm2nQV006,0*2C
!AIVDO,1,1,,,B5Pihk@0<6Fjq9T@WJhlm4G1V006,0*74
!AIVDO,1,1,,,B5Pihk@0;FFjqA4@WJll14GQV006,0*23
!AIVDO,1,1,,,B5Pihk@0:VFjqH4@WJtjI3p1V006,0*0D
!AIVDO,1,1,,,B5Pihk@0:VFjqNT@WK0nu5HQV006,0*48
!AIVDO,1,1,,B,B5Pihk@0:nFjqUT@WK4oU6q1T000,0*52
!AIVDO,1,1,,,B5Pihk@0:nFjqUT@WK4oU6q1V006,0*14
!AIVDO,1,1,,,B5Pihk@0:FFjqdT@WK4mq7IQV006,0*72
!AIVDO,1,1,,,B5Pihk@09nFjqjT@WK8lE6r1V006,0*34
!AIVDO,1,1,,,B5Pihk@09VFjqq4@WK<qU7JQV006,0*27
!AIVDO,1,1,,,B5Pihk@09nFjqw4@WK8q98K1V006,0*1F
!AIVDO,1,1,,,B5Pihk@09VFjr54@WK8qi9sQV006,0*6F
!AIVDO,1,1,,A,B5Pihk@09VFjr54@WK8qi9sQT000,0*2A
!AIVDO,1,1,,,B5Pihk@096Fjr;4@WK8qI8t1V006,0*47
!AIVDO,1,1,,,B5Pihk@08nFjrA4@WK4qA:tQV006,0*02
!AIVDO,1,1,,,B5Pihk@08nFjrFT@WK10Q;M1V006,0*69
!AIVDO,1,1,,,B5Pihk@08nFjrLT@WJps5<uQV006,0*5B
!AIVDO,1,1,,,B5Pihk@08VFjrR4@WJlw9=01V006,0*2D
!AIVDO,1,1,,B,B5Pihk@08VFjrR4@WJlw9=01T000,0*6B
!AIVDO,1,1,,,B5Pihk@08FFjrW4@WJhuI=0QV006,0*2E
!AIVDO,1,1,,,B5Pihk@08FFjrdT@WJa2m>Q1V006,0*15
!AIVDO,1,1,,,B5Pihk@08FFjriT@WJQ01?QQV006,0*17
!AIVDO,1,1,,,B5Pihk@086FjrnT@WJI2M?R1V006,0*65
!AIVDO,1,1,,,B5Pihk@086FjrsT@WJ=3a@2QV006,0*5E
!AIVDO,1,1,,A,B5Pihk@086FjrsT@WJ=3a@2QT000,0*1B
!AIVDO,1,1,,,B5Pihk@07nFjs0T@WJ14UB31V006,0*17
!AIVDO,1,1,,,B5Pihk@07nFjs5T@WIm5MB3QV006,0*34
$AIALR,,,V,V,*7B
!AIVDO,1,1,,,B5Pihk@07VFjs:4@WIa6iB41V006,0*2F
!AIVDO,1,1,,,B5Pihk@07nFjs>T@WII6qDTQV006,0*45
!AIVDO,1,1,,,B5Pihk@07FFjsBT@WI9?1CU1V006,0*4E
!AIVDO,1,1,,B,B5Pihk@07FFjsBT@WI9?1CU1T000,0*08
!AIVDO,1,1,,,B5Pihk@07VFjsG4@WHu2UE5QV006,0*19
!AIVDO,1,1,,B,B5Pihk@07VFjsG4@WHu2UFUQV98P,0*5F
!AIVDO,1,1,,,B5Pihk@076FjsK4@WHa;=G61V006,0*61
!AIVDO,1,1,,,B5Pihk@076FjsNT@WHI9QF6QV006,0*23
!AIVDO,1,1,,,B5Pihk@06nFjsRT@WH9=qI71V006,0*5C
!AIVDO,1,1,,,B5Pihk@06VFjsUT@WGm>aI7QV006,0*4B
!AIVDO,1,1,,A,B5Pihk@06VFjsUT@WGm>aIWQT000,0*6E
!AIVDO,1,1,,,B5Pihk@06nFjsa4@WGQ@IK81V006,0*20
!AIVDO,1,1,,,B5Pihk@06FFjsd4@WG=B1J`QV006,0*22
!AIVDO,1,1,,,B5Pihk@06VFjsg4@WFqBILa1V006,0*63
!AIVDO,1,1,,,B5Pihk@066Fjsj4@WFUD9L9QV006,0*64
!AIVDO,1,1,,,B5Pihk@06VFjslT@WFAE5Mb1V006,0*41
!AIVDO,1,1,,B,B5Pihk@06VFjslT@WFAE5N:1T000,0*5C
!AIVDO,1,1,,,B5Pihk@066Fjso4@WEqFQN:QV006,0*2D
!AIVDO,1,1,,,B5Pihk@06FFjsqT@WEUGiNc1V006,0*07
!AIVDM,1,1,,B,15NBW6<000qKbTFA4PDJ7:<b00RN,0*6E
!AIVDO,1,1,,,B5Pihk@066Fjst4@WE=IAOcQV006,0*3D
!AIVDO,1,1,,,B5Pihk@06FFjsvT@WDmJAPd1V006,0*05
!AIVDO,1,1,,A,B5Pihk@05nFjt0T@WDQKEPdQT000,0*73
!AIVDO,1,1,,,B5Pihk@05nFjt0T@WDQKEP<QV006,0*6E
!AIVDO,1,1,,,B5Pihk@06FFjt2T@WD9LaQe1V006,0*34
!AIVDO,1,1,,,B5Pihk@05VFjt4T@WCiLuQeQV006,0*02
!AIVDO,1,1,,,B5Pihk@06FFjt6T@WCMNARf1V006,0*61
!AIVDM,1,1,,B,15N`8DgP1@IKaNjA4ItVeOvr05i`,0*4E
!AIVDO,1,1,,,B5Pihk@05VFjt84@WC5OQRfQV006,0*15
!AIVDO,1,1,,,B5Pihk@066Fjt9T@WBeOmS?1V006,0*42
!AIVDO,1,1,,B,B5Pihk@066Fjt9T@WBeOmS?1T000,0*04
!AIVDO,1,1,,,B5Pihk@05nFjt;4@WBEPUT?QV006,0*1B
$PFEC,BFT,R,0*0E
!AIVDO,1,1,,,B5Pihk@05nFjt<T@WAuR1Rh1VP06,0*78
!AIVDO,1,1,,,B5Pihk@06FFjt>T@WAUOMThQVP06,0*76
!AIVDO,1,1,,,B5Pihk@05nFjt@4@WA9TUSA1VP06,0*62
!AIVDO,1,1,,A,B5Pihk@06FFjtA4@W@iPASiQTP00,0*04
!AIVDO,1,1,,,B5Pihk@06FFjtA4@W@iPATAQVP06,0*6E
!AIVDO,1,1,,,B5Pihk@05nFjtBT@W@IUMTj1VP06,0*44
!AIVDO,1,1,,,B5Pihk@066FjtCT@W@1T1TBQVP06,0*53
!AIVDO,1,1,,,B5Pihk@066FjtDT@W?UUMVC1VP06,0*51
!AIVDO,1,1,,,B5Pihk@05nFjtET@W?=WmTkQVP06,0*0B
!AIVDO,1,1,,,B5Pihk@06FFjtFT@W>mUiVl1VP06,0*11
!AIVDO,1,1,,,B5Pihk@05nFjtGT@W>IauVDQVP06,0*7F
!AIVDM,1,1,,A,B5PihkP0:VFhtM4@J;n@I`E1V8wh,0*77
!AIVDO,1,1,,,B5Pihk@06FFjtH4@W=uW=WE1VP06,0*1A
!AIVDO,1,1,,,B5Pihk@066FjtI4@W=UcIWmQVP06,0*43
!AIVDO,1,1,,A,B5Pihk@066FjtI4@W=UcIWmQV8w@,0*5B
!AIVDO,1,1,,,B5Pihk@066FjtIT@W=9b9`F1V006,0*22
!AIVDO,1,1,,,B5Pihk@066FjtJ4@W<ecuaFQV006,0*30
!AIVDO,1,1,,,B5Pihk@066FjtJ4@W<AeQaG1V006,0*57
!AIVDO,1,1,,,B5Pihk@066FjtJT@W;mcMaoQV006,0*4E
!AIVDO,1,1,,,B5Pihk@06FFjtK4@W;Ig5ap1V006,0*78
!AIVDO,1,1,,,B5Pihk@066FjtK4@W:ueaapQV006,0*03
!AIVDO,1,1,,,B5Pihk@06FFjtK4@W:Qfmbq1V006,0*3A
!AIVDM,1,1,,B,15N`8DgP1=IKaPPA4H9VhOwT08Mm,0*55
!AIVDO,1,1,,,B5Pihk@066FjtK4@W:5habIQV006,0*74
!AIVDO,1,1,,,B5Pihk@06FFjtK4@W9agicJ1V006,0*36
!AIVDO,1,1,,,B5Pihk@06FFjtK4@W9=jQcrQV006,0*07
!AIVDO,1,1,,,B5Pihk@066FjtK4@W8iiecK1VP06,0*2C
!AIVDO,1,1,,,B5Pihk@06FFjtJT@W8Ek=dsQVP06,0*14
!AIVDO,1,1,,,B5Pihk@066FjtJ4@W7qlict1VP06,0*0C
!AIVDO,1,1,,,B5Pihk@06FFjtIT@W7MlAdtQVP06,0*6C
!AIVDO,1,1,,,B5Pihk@066FjtI4@W71nieM1VP06,0*72
!AIVDO,1,1,,,B5Pihk@066FjtHT@W6UnaeuQVP06,0*26
!AIVDO,1,1,,,B5Pihk@06FFjtGT@W69oefP1VP06,0*76
!AIVDO,1,1,,,B5Pihk@066FjtFT@W5iqif0QVP06,0*46
!AIVDO,1,1,,,B5Pihk@06FFjtET@W5Epag11WP06,0*71
!AIVDO,1,1,,,B5Pihk@05nFjtDT@W4qrig1QWP06,0*04
!AIVDO,1,1,,,B5Pihk@06FFjtCT@W4Qr5g21WP06,0*37
!AIVDO,1,1,,,B5Pihk@05VFjtBT@W49rAgRQWP06,0*39
!AIVDO,1,1,,,B5Pihk@06FFjtAT@W3eregS1V006,0*56
!AIVDO,1,1,,,B5Pihk@05nFjt@T@W3ArEgSQV006,0*18
$AIALR,,,V,V,*7B
!AIVDO,1,1,,,B5Pihk@066Fjt?T@W2qs1gT1V006,0*1F
!AIVDO,1,1,,,B5Pihk@066Fjt>4@W2Ms=h4QV006,0*41
!AIVDO,1,1,,,B5Pihk@05nFjt=4@W25sAh51V006,0*7C
!AIVDO,1,1,,,B5Pihk@066Fjt;T@W1esmhUQV006,0*3E
!AIVDO,1,1,,,B5Pihk@05nFjt:T@W1Au9hV1V006,0*71
!AIVDM,1,1,,B,B5PihkP0:nFhr24@It6JAjVQV8U@,0*50
!AIVDO,1,1,,,B5Pihk@066Fjt94@W0qt=i6QV006,0*7C
!AIVDO,1,1,,B,B5Pihk@05nFjt7T@W0QvUi71V8hP,0*16
!AIVDO,1,1,,,B5Pihk@05nFjt7T@W0QvUhW1V006,0*03
!AIVDO,1,1,,,B5Pihk@066Fjt64@W09u5i7QV006,0*33
!AIVDO,1,1,,,B5Pihk@066Fjt54@VwewIi81WP06,0*5A
!AIVDO,1,1,,,B5Pihk@066Fjt34@VwEv5i8QWP06,0*61
!AIVDO,1,1,,,B5Pihk@066Fjt1T@VvuwEi91WP06,0*22
!AIVDO,1,1,,,B5Pihk@066Fjt04@VvQuui9QWP06,0*35
!AIVDO,1,1,,,B5Pihk@066FjsvT@Vv9wui:1WP06,0*1D
!AIVDO,1,1,,,B5Pihk@066Fjsu4@Vuiuqi:QWP06,0*4B
!AIVDO,1,1,,,B5Pihk@066FjssT@VuJ0Ui;1V006,0*6F
!AIVDO,1,1,,,B5Pihk@05nFjsr4@Vtuv5i;QV006,0*2D
!AIVDO,1,1,,,B5Pihk@05nFjspT@Vtb0Ii<1V006,0*05
!AIVDO,1,1,,,B5Pihk@05VFjso4@VtAvei<QV006,0*6B
!AIVDO,1,1,,,B5Pihk@05VFjsmT@Vsr0Ei=1V006,0*3A
!AIVDO,1,1,,,B5Pihk@05VFjsl4@VsR01i=QV006,0*6F
!AIVDO,1,1,,,B5Pihk@05VFjsj4@Vs>1Ei>1V006,0*13
!AIVDO,1,1,,,B5Pihk@05nFjshT@Vrn1Ai>QV006,0*7C
!AIVDO,1,1,,,B5Pihk@05nFjsg4@VrN1Qig1V006,0*1A
!AIVDO,1,1,,,B5Pihk@05nFjseT@Vr:2=igQV006,0*03
$PFEC,BFT,R,0*0E
!AIVDO,1,1,,,B5Pihk@066FjscT@Vqj1mih1V006,0*31
!AIVDO,1,1,,,B5Pihk@066Fjsb4@VqJ2Ij@QV006,0*1C
!AIVDO,1,1,,,B5Pihk@066Fjs`4@Vq229ii1V006,0*5C
!AIVDO,1,1,,,B5Pihk@06FFjsV4@Vpb2AjAQV006,0*78
!AIVDO,1,1,,,B5Pihk@066FjsT4@VpB2Uij1WP06,0*17
!AIVDO,1,1,,,B5Pihk@06FFjsRT@Vor2AijQWP06,0*5A
!AIVDO,1,1,,,B5Pihk@06FFjsPT@VoR3AjC1WP06,0*33
!AIVDO,1,1,,,B5Pihk@06FFjsNT@Vo:2EjCQWP06,0*20
!AIVDO,1,1,,,B5Pihk@06VFjsLT@Vnj3=jD1WP06,0*7D
!AIVDO,1,1,,A,H5Pihk@l>0EQ0E8TlDq@4j33>20,2*35
!AIVDO,1,1,,,B5Pihk@066FjsJT@VnJ2UjDQWP06,0*32
!AIVDO,1,1,,,B5Pihk@06VFjsHT@Vn239jE1WP06,0*24
!AIVDO,1,1,,,B5Pihk@05nFjsFT@Vmb2qjEQWP06,0*6B
!AIVDO,1,1,,,B5Pihk@06FFjsDT@VmB35jF1WP06,0*44
!AIVDO,1,1,,A,B5Pihk@06FFjsDT@VmB35jF1W`V@,0*25
!AIVDO,1,1,,,B5Pihk@066FjsBT@Vln39inQWP06,0*58
!AIVDO,1,1,,,B5Pihk@05nFjs@T@VlR31io1WP06,0*54
!AIVDO,1,1,,,B5Pihk@06FFjs>T@Vl:3UioQWP06,0*6D
!AIVDO,1,1,,,B5Pihk@05FFjs<T@Vkj2ajH1WP06,0*4A
!AIVDO,1,1,,,B5Pihk@066Fjs:T@VkJ3UipQWP06,0*71
!AIVDO,1,1,,,B5Pihk@056Fjs94@Vk62miq1WP06,0*35
!AIVDO,1,1,,A,H5PihkDU653<Hcf=35H@hk0`000t,0*17
!AIVDO,1,1,,,B5Pihk@05nFjs7T@Vjf2QiIQWP06,0*36
!AIVDO,1,1,,,B5Pihk@05FFjs5T@VjJ1Mhr1WP06,0*75
!AIVDM,1,1,,B,H5PihkPl>0EQ0E8TlE8q@4j0=J0,2*56
!AIVDO,1,1,,,B5Pihk@05nFjs44@Vj215hrQWP06,0*5C
!AIVDO,1,1,,,B5Pihk@05VFjs2T@Vif0qhK1V006,0*28
!AIVDO,1,1,,,B5Pihk@05VFjs1T@ViEw9hsQV006,0*5F
!AIVDO,1,1,,,B5Pihk@05VFjs04@VhuwMgt1V006,0*13
!AIVDO,1,1,,,B5Pihk@05VFjrvT@VhUuagtQV006,0*5A
!AIVDO,1,1,,,B5Pihk@05FFjruT@VhAuigM1V006,0*0C
!AIVDO,1,1,,,B5Pihk@05VFjrtT@VgqtQgMQV006,0*7B
!AIVDO,1,1,,,B5Pihk@056Fjrs4@VgQsmf01V006,0*7B
!AIVDO,1,1,,,B5Pihk@05nFjrrT@Vg9rUePQV006,0*10
!AIVDM,1,1,,B,H5PihkTU653<HaN=35H@3F08000t,0*02
!AIVDO,1,1,,,B5Pihk@04nFjrqT@Vfir5e11V006,0*22
!AIVDO,1,1,,B,B5Pihk@04nFjrqT@Vfir5e11VDaJ,0*39
!AIVDO,1,1,,A,B5Pihk@05nFjrpT@VfMqMe1QV8aP,0*63
!AIVDO,1,1,,,B5Pihk@05nFjrpT@VfMqMe1QV006,0*1D
!AIVDO,1,1,,B,B5Pihk@04nFjrp4@Vf5q9d21WlNr,0*37
!AIVDO,1,1,,,B5Pihk@04nFjrp4@Vf5q9d21WP06,0*73
!AIVDO,1,1,,A,B5Pihk@05nFjroT@Veep1dRQW`ah,0*29
!AIVDO,1,1,,,B5Pihk@05nFjroT@Veep1dRQWP06,0*57
!AIVDO,1,1,,,B5Pihk@056Fjro4@VeEoUcS1WP06,0*52
!AIVDO,1,1,,,B5Pihk@05nFjrnT@Vdum5cSQWP06,0*58
$AIALR,,,V,V,*7B
!AIVDO,1,1,,,B5Pihk@05VFjrnT@VdQmQc41WP06,0*27
!AIVDO,1,1,,,B5Pihk@05VFjrn4@Vd9kebTQWP06,0*1C
!AIVDO,1,1,,,B5Pihk@05nFjrmT@VcikebU1V006,0*10
!AIVDO,1,1,,,B5Pihk@05VFjrmT@VcIjqb5QV006,0*1D
!AIVDM,1,1,,B,B5PihkP0:VFhm44@IU>DQd5QV8r0,0*7C
!AIVDO,1,1,,,B5Pihk@066FjrmT@VbuiEbV1V006,0*77
!AIVDO,1,1,,,B5Pihk@05VFjrm4@VbUjUa6QV006,0*44
!AIVDO,1,1,,,B5Pihk@066FjrmT@Vb9gMaW1V006,0*3F
!AIVDO,1,1,,,B5Pihk@05nFjrmT@VaiiA`WQV006,0*54
!AIVDO,1,1,,,B5Pihk@066FjrmT@VaEe5``1V006,0*0C
!AIVDO,1,1,,,B5Pihk@05nFjrn4@V`ugMW8QV006,0*70
!AIVDO,1,1,,,B5Pihk@066FjrnT@V`QceW91V006,0*22
!AIVDO,1,1,,,B5Pihk@05nFjro4@V`9e1VaQV006,0*1B
!AIVDO,1,1,,,B5Pihk@066FjroT@VWebmVb1V006,0*73
!AIVDO,1,1,,,B5Pihk@066Fjrp4@VWEcQVbQV006,0*71
!AIVDM,1,1,,B,15NBW6<000qKbTDA4PDb7:>`0H=>,0*23
!AIVDO,1,1,,,B5Pihk@05nFjrq4@VVq`qUc1V006,0*5F
!AIVDO,1,1,,,B5Pihk@06FFjrr4@VVQbEUcQV006,0*01
!AIVDO,1,1,,,B5Pihk@05nFjrrT@VV5WETd1V006,0*7D
!AIVDO,1,1,,,B5Pihk@06FFjrsT@VUa`1TdQV006,0*23
!AIVDO,1,1,,,B5Pihk@066FjrtT@VUAW1Se1V006,0*25
!AIVDO,1,1,,,B5Pihk@07FFjrv4@VTmU9SeQV006,0*71
!AIVDO,1,1,,,B5Pihk@09VFjs04@VTAUARf1V006,0*1E
!AIVDO,1,1,,,B5Pihk@0<VFjs2T@VSQRMP>QV006,0*5F
!AIVDO,1,1,,,B5Pihk@0?FFjs64@VRaOAN?1V006,0*77
!AIVDO,1,1,,C,KmPihkGt`Rj;TS9P,0*04
!AIVDO,1,1,,,B5Pihk@0BFFjs;T@VQUMmIgQV006,0*41
$PFEC,BFT,R,0*0E
!AIVDO,1,1,,B,B5Pihk@0BFFjs;T@VQUMmJ?QV9;@,0*2C
!AIVDO,1,1,,,B5Pihk@0FVFjsB4@VPIJiIh1V006,0*3D
!AIVDO,1,1,,,B5Pihk@0JVFjsKT@VO1I9GhQV006,0*02
!AIVDO,1,1,,,B5Pihk@0NFFjsW4@VMMGQHA1V006,0*34
!AIVDO,1,1,,,B5Pihk@0R6FjslT@VKeG9GiQV006,0*02
!AIVDO,1,1,,,B5Pihk@0V6Fjt44@VIiF1HB1V006,0*7A
!AIVDO,1,1,,,B5Pihk@0anFjtET@VGeEAGjQV006,0*32
!AIVDO,1,1,,,B5Pihk@0enFjta4@VEQE9Gk1V006,0*5D
!AIVDO,1,1,,,B5Pihk@0iVFjtv4@VC9DuGkQV006,0*3D
!AIVDO,1,1,,,B5Pihk@0m6FjuE4@V@UD=Gl1V006,0*2B
!AIVDO,1,1,,,B5Pihk@0pVFjuf4@V=qDAGDQV006,0*18
!AIVDO,1,1,,A,B5Pihk@0sVFjv84@V;1D1Gm1V4N1,0*05
!AIVDO,1,1,,,B5Pihk@0sVFjv84@V;1D1GE1V006,0*11
!AIVDM,1,1,,A,B5PihkP0:VFhj@4@II:F=gE1V8jh,0*29
!AIVDO,1,1,,,B5Pihk@0vVFjvTT@V85CaFmQV006,0*01
!AIVDO,1,1,,,B5Pihk@0wVFjw1T@V51CUFn1V006,0*3A
!AIVDO,1,1,,,B5Pihk@0wVFjwNT@V1uCEFnQV006,0*75
!AIVDO,1,1,,,B5Pihk@0w6Fjwt4@UvuCAGo1V006,0*6F
!AIVDO,1,1,,,B5Pihk@0w6Fk0I4@UsuCiHGQV006,0*7E
!AIVDO,1,1,,,B5Pihk@0w6Fk0n4@UpmDEHp1V006,0*3E
!AIVDO,1,1,,,B5Pihk@0w6Fk1BT@UmeDiIpQV006,0*2B
!AIVDO,1,1,,,B5Pihk@0wFFk1fT@UjQEMJI1V006,0*33
!AIVDO,1,1,,,B5Pihk@0wFFk2:4@UgEEUIqQV006,0*56
!AIVDO,1,1,,,B5Pihk@106Fk2V4@Ud5EUHr1V006,0*1D
!AIVDO,1,1,,,B5Pihk@106Fk324@U`iEaHrQV006,0*74
!AIVDO,1,1,,,B5Pihk@0wFFk3N4@UUUEAHs1V006,0*76
!AIVDM,2,1,0,B,55NBW68Gr?giL@gWOK0lU=>0lthiTF0B2222220qHH><;6n<I75Dod0M,0*59
!AIVDM,2,2,0,B,uOd1LS`88888880,2*0F
!AIVDO,1,1,,,B5Pihk@0wnFk3qT@UREEuHKQV006,0*7A
!AIVDO,1,1,,,B5Pihk@0wnFk4E4@UO1EqHL1V006,0*23
!AIVDO,1,1,,B,B5Pihk@0wnFk4hT@UKiF5HtQV4Wi,0*53
!AIVDO,1,1,,,B5Pihk@0wnFk4hT@UKiF5HtQV006,0*2D
!AIVDO,1,1,,,B5Pihk@106Fk5<4@UHMFaIM1V006,0*2D
!AIVDO,1,1,,,B5Pihk@0wVFk5VT@UE5FiIMQV006,0*1C
!AIVDO,1,1,,,B5Pihk@0wVFk61T@UAiG5I01V006,0*60
!AIVDO,1,1,,,B5Pihk@10FFk6KT@U>EGaI0QV006,0*2B
!AIVDO,1,1,,,B5Pihk@0wnFk6nT@U:uFQH11V006,0*05
!AIVDO,1,1,,,B5Pihk@10FFk7B4@U7aEeG1QV006,0*67
!AIVDO,1,1,,,B5Pihk@10FFk7fT@U4IDmGR1V006,0*02
!AIVDO,1,1,,,B5Pihk@10FFk8;4@U1=DuH2QV006,0*56
!AIVDO,1,1,,,B5Pihk@106Fk8W4@TuuEiI31V006,0*3A
!AIVDO,1,1,,,B5Pihk@0wnFk92T@TraFMI3QV006,0*74
$AIALR,,,V,V,*7B
!AIVDO,1,1,,,B5Pihk@0wnFk9MT@ToAG5IT1V006,0*48
!AIVDO,1,1,,,B5Pihk@0wnFk9pT@TkqFiHTQV006,0*7D
!AIVDO,1,1,,,B5Pihk@106Fk:CT@ThQFmHU1V006,0*15
!AIVDO,1,1,,,B5Pihk@10FFk:f4@Te=FuHUQV006,0*39
!AIVDO,1,1,,,B5Pihk@10FFk;94@TaiFmH61V006,0*2C
!AIVDO,1,1,,A,B5Pihk@10FFk;94@TaiFmH61V001,0*6A
!AIVDO,1,1,,,B5Pihk@106Fk;T4@TVMFUH6QV006,0*7A
!AIVDO,1,1,,,B5Pihk@10FFk;wT@TS9F5H71V006,0*39
!AIVDO,1,1,,,B5Pihk@106Fk<K4@TOmEUGWQV006,0*36
!AIVDO,1,1,,,B5Pihk@10FFk<o4@TLUEqH`1V006,0*25
!AIVDO,1,1,,,B5Pihk@106Fk=C4@TI=FEI8QV006,0*1B
!AIVDO,1,1,,,B5Pihk@0wnFk=f4@TEqF1I91V006,0*75
!AIVDO,1,1,,,B5Pihk@106Fk>9T@TBUFAI9QV006,0*64
!AIVDO,1,1,,,B5Pihk@106Fk>U4@T?AFQIb1V006,0*2A
!AIVDO,1,1,,,B5Pihk@106Fk?04@T;qFeIbQV006,0*2E
!AIVDO,1,1,,,B5Pihk@106Fk?K4@T8UFuIc1V006,0*03
!AIVDO,1,1,,,B5Pihk@10VFk?mT@T5=G1H;QV006,0*3C
!AIVDO,1,1,,,B5Pihk@106Fk@@T@T1mFMHd1V006,0*18
!AIVDO,1,1,,,B5Pihk@106Fk@d4@SvMFUH<QV006,0*1C
!AIVDO,1,1,,,B5Pihk@0wnFkA74@Ss5FuI=1V006,0*6D
!AIVDO,1,1,,,B5Pihk@0wnFkAR4@SoiFQHeQV006,0*55
!AIVDO,1,1,,,B5Pihk@106FkAu4@SlIFUHf1V006,0*28
!AIVDO,1,1,,B,B5Pihk@106FkAu4@SlIFUH>1V001,0*35
!AIVDO,1,1,,,B5Pihk@106FkBH4@Si5FeI>QV006,0*66
!AIVDO,1,1,,,B5Pihk@0wnFkBk4@SeeFmI?1V006,0*6E
!AIVDO,1,1,,,B5Pihk@0wnFkC=T@SbEGEIgQV006,0*6F
$PFEC,BFT,R,0*0E
!AIVDO,1,1,,,B5Pihk@0wVFkC`4@SVuG=Ih1V006,0*79
!AIVDO,1,1,,,B5Pihk@106FkD2T@SSQG9IhQV006,0*2F
!AIVDO,1,1,,,B5Pihk@106FkDMT@SP9FiIA1V006,0*23
!AIVDO,1,1,,,B5Pihk@10FFkDpT@SLiG=JAQV006,0*14
!AIVDO,1,1,,,B5Pihk@0wnFkEBT@SIIGEIB1V006,0*74
!AIVDO,1,1,,,B5Pihk@0wnFkEdT@SEuHMJBQV006,0*06
!AIVDO,1,1,,,B5Pihk@0wnFkF5T@SBMHaJC1V006,0*26
!AIVDO,1,1,,,B5Pihk@0wnFkFO4@S>uHQHkQV006,0*02
!AIVDO,1,1,,,B5Pihk@10FFkFpT@S;MHEID1V006,0*54
!AIVDO,1,1,,,B5Pihk@10FFkGB4@S7uHaIDQV006,0*77
!AIVDO,1,1,,A,B5Pihk@0wnFkGcT@S4MH=Im1THI9,0*3B
!AIVDO,1,1,,,B5Pihk@0wnFkGcT@S4MH=Im1V006,0*76
!AIVDM,1,1,,A,B5PihkP0<nFhjuT@ILLKdOm1V8k@,0*4C
!AIVDO,1,1,,,B5Pihk@106FkH54@S0uH9HmQV006,0*08
!AIVDO,1,1,,,B5Pihk@10FFkHO4@RuQGuIn1V006,0*43
!AIVDO,1,1,,,B5Pihk@106FkHpT@Rr1GaInQV006,0*7F
!AIVDO,1,1,,,B5Pihk@10FFkIC4@RnUGQIG1V006,0*5C
!AIVDO,1,1,,,B5Pihk@10FFkIe4@Rk9GaIoQV006,0*6B
!AIVDO,1,1,,,B5Pihk@0wnFkJ7T@RgeGEJp1V006,0*3C
!AIVDO,1,1,,,B5Pihk@10FFkJQT@RdAHMJHQV006,0*4C
!AIVDO,1,1,,,B5Pihk@0wnFkJs4@R`iH5Jq1V006,0*6D
!AIVDO,1,1,,,B5Pihk@0wnFkKDT@RUAHeJIQV006,0*2E
!AIVDO,1,1,,,B5Pihk@0wnFkKeT@RQiHmJr1V006,0*70
!AIVDO,1,1,,,B5Pihk@0wnFkL74@RNAHUJJQV006,0*12
!AIVDO,1,1,,,B5Pihk@0wnFkLPT@RJmGQEK1V006,0*58
!AIVDO,1,1,,,B5Pihk@0wVFkLsT@RGQE=BKQV006,0*7B
!AIVDO,1,1,,,B5Pihk@0wVFkMI4@RDMAa?t1V006,0*45
!AIVDO,1,1,,B,B5Pihk@10VFkMq4@RAe>M>LQV0>0,0*56
!AIVDO,1,1,,,B5Pihk@10VFkMq4@RAe>M>LQV006,0*1C
!AIVDO,1,1,,,B5Pihk@10VFkNKT@R?A;Q>u1V006,0*5F
!AIVDO,1,1,,B,B5Pihk@10VFkNKT@R?A;Q>u1V1Pi,0*23
!AIVDO,1,1,,,B5Pihk@10FFkNwT@R=1:U>MQV006,0*5C
!AIVDO,1,1,,,B5Pihk@106FkOST@R:q9M>01V006,0*48
!AIVDO,1,1,,,B5Pihk@106FkP8T@R8q7A<PQV006,0*3E
!AIVDO,1,1,,,B5Pihk@10nFkPf4@R796E=11V006,0*1A
!AIVDO,1,1,,,B5Pihk@10FFkQDT@R5M5=<QQV006,0*7D
!AIVDO,1,1,,,B5Pihk@10VFkQs4@R3q4i=21V006,0*57
!AIVDO,1,1,,,B5Pihk@10FFkRR4@R2I4A<RQV006,0*75
!AIVDO,1,1,,,B5Pihk@10FFkS94@R0u3A<S1V006,0*47
!AIVDO,1,1,,,B5Pihk@10VFkSh4@Qwe2U;SQV006,0*20
$AIALR,,,V,V,*7B
!AIVDO,1,1,,,B5Pihk@116FkTH4@QvM1i<T1V006,0*10
!AIVDO,1,1,,B,B5Pihk@116FkTH4@QvM1i=T1V1HA,0*5D
!AIVDO,1,1,,,B5Pihk@10FFkTwT@Qu=2U=4QV006,0*73
!AIVDO,1,1,,,B5Pihk@106FkUW4@Qt11u=51V006,0*0D
!AIVDO,1,1,,,B5Pihk@0wnFkV>T@Qrm1i<5QV006,0*3E
!AIVDO,1,1,,,B5Pihk@10VFkVn4@Qqa2A=V1V006,0*56
!AIVDO,1,1,,A,B5Pihk@10VFkVn4@Qqa2A=V1V0;h,0*42
!AIVDO,1,1,,,B5Pihk@106FkWM4@QpI2Q=6QV006,0*2D
!AIVDO,1,1,,A,B5Pihk@0wnFk`4T@Qo52q=W1V1H1,0*60
!AIVDO,1,1,,,B5Pihk@0wnFk`4T@Qo52q=W1V006,0*5F
!AIVDO,1,1,,,B5Pihk@106Fk`cT@Qmi35=WQV006,0*6D
!AIVDO,1,1,,,B5Pihk@10FFkaBT@QlI3q>`1V006,0*0C
!AIVDO,1,1,,,B5Pihk@0wVFkaqT@Qju3i=`QV006,0*28
!AIVDO,1,1,,,B5Pihk@106FkbP4@QiQ3u<a1V006,0*17
!AIVDO,1,1,,B,B5Pihk@106FkbP4@QiQ3u<a1T@;;,0*21
!AIVDO,1,1,,,B5Pihk@106Fkc74@Qh93U=aQV006,0*59
!AIVDO,1,1,,,B5Pihk@106FkceT@Qfe3e<b1V006,0*6B
!AIVDO,1,1,,,B5Pihk@10FFkdDT@QeE3M=:QV006,0*0F
!AIVDO,1,1,,,B5Pihk@10FFkdt4@Qcq3a=c1V006,0*78
!AIVDO,1,1,,,B5Pihk@106FkeRT@QbQ3Q=cQV006,0*3E
!AIVDO,1,1,,A,B5Pihk@106FkeRT@QbQ3Q=cQV1Ki,0*5A
!AIVDO,1,1,,,B5Pihk@0wnFkf9T@Qa93M=<1V006,0*00
!AIVDO,1,1,,,B5Pihk@106FkfhT@QWi3U=dQV006,0*09
!AIVDO,1,1,,,B5Pihk@0wnFkgG4@QVI39<=1V006,0*2C
!AIVDO,1,1,,,B5Pihk@10VFkgvT@QU539==QV006,0*1D
!AIVDO,1,1,,,B5Pihk@10FFkhUT@QSe3A=>1V006,0*6C
!AIVDO,1,1,,B,B5Pihk@10FFkhUT@QSe3A=f1V1JA,0*7A
!AIVDO,1,1,,,B5Pihk@106Fki<T@QRE3M=fQV006,0*61
!AIVDO,1,1,,,B5Pihk@0wnFkikT@QPu35=?1V006,0*5B
!AIVDO,1,1,,,B5Pihk@106FkjJT@QOa3I=?QV006,0*70
$PFEC,BFT,R,0*0E
!AIVDO,1,1,,,B5Pihk@106Fkk1T@QNA3a=h1V006,0*34
!AIVDO,1,1,,A,B5Pihk@106Fkk`T@QLm3i=@QV1U1,0*29
!AIVDO,1,1,,,B5Pihk@106Fkk`T@QLm3i=@QV006,0*0B
!AIVDO,1,1,,,B5Pihk@0wnFkl?4@QKI4=>A1V006,0*3F
!AIVDO,1,1,,,B5Pihk@0wnFkln4@QIu4A>AQV006,0*4C
!AIVDO,1,1,,,B5Pihk@0wVFkmL4@QHM4q>B1V006,0*3D
!AIVDO,1,1,,,B5Pihk@106Fkn2T@QFq4i=jQV006,0*67
!AIVDO,1,1,,,B5Pihk@106Fkn`T@QEE5A>C1V006,0*61
!AIVDO,1,1,,B,B5Pihk@106Fkn`T@QEE5A>C1V1N1,0*5B
!AIVDO,1,1,,,B5Pihk@0wnFko>T@QCi55=kQV006,0*35
!AIVDO,1,1,,,B5Pihk@0wnFkom4@QB=4m<l1V006,0*6C
!AIVDO,1,1,,,B5Pihk@10VFkpKT@Q@e4E=DQV006,0*70
!AIVDO,1,1,,A,B5Pihk@10nFkq2T@Q?=45=m1T000,0*6B
!AIVDO,1,1,,,B5Pihk@10nFkq2T@Q?=45=m1V006,0*2E
!AIVDO,1,1,,,B5Pihk@0wVFkqaT@Q=i4==EQV006,0*15
!AIVDO,1,1,,A,B5Pihk@0wVFkqaT@Q=i4=<mQV1Hi,0*5B
!AIVDO,1,1,,,B5Pihk@106Fkr@4@Q<E49=F1V006,0*3B
!AIVDO,1,1,,,B5Pihk@106Fkro4@Q:m4==nQV006,0*76
!AIVDO,1,1,,,B5Pihk@0wnFksMT@Q9I4U=G1V006,0*2D
!AIVDO,1,1,,,B5Pihk@0wnFkt3T@Q7q4Q>GQV006,0*05
!AIVDO,1,1,,,B5Pihk@106Fktb4@Q6E5A>H1V006,0*61
!AIVDO,1,1,,B,B5Pihk@106Fktb4@Q6E5A>H1TD05,0*56
!AIVDO,1,1,,,B5Pihk@0wVFku@4@Q4i5a>pQV006,0*32
!AIVDO,1,1,,,B5Pihk@0wnFkun4@Q355m=q1V006,0*11
!AIVDO,1,1,,,B5Pihk@0wnFkvKT@Q1M6=>IQV006,0*25
!AIVDO,1,1,,,B5Pihk@0wVFkw1T@Pwi5E=J1V006,0*1E
!AIVDO,1,1,,,B5Pihk@10FFkw`4@Pv=5A=rQV006,0*70
!AIVDO,1,1,,A,B5Pihk@10FFkw`4@Pv=5A=rQV1PA,0*27
!AIVDO,1,1,,,B5Pihk@0wnFl0>4@Pta4q<s1V006,0*0F
!AIVDO,1,1,,,B5Pihk@10FFl0lT@Ps54i=KQV006,0*41
!AIVDO,1,1,,,B5Pihk@106Fl1K4@PqU4U<L1V006,0*4F
!AIVDO,1,1,,,B5Pihk@10FFl224@Pp93=<LQV006,0*27
!AIVDO,1,1,,,B5Pihk@10FFl2a4@Pni3A<M1V006,0*27
!AIVDO,1,1,,B,B5Pihk@10FFl2a4@Pni3A<u1T<05,0*50
!AIVDO,1,1,,,B5Pihk@106Fl3@4@PmI3Q=MQV006,0*25
!AIVDM,1,1,,A,15N`8DgP1>IKan2A43A6gOv00@0J,0*22
!AIVDO,1,1,,,B5Pihk@106Fl3o4@Pl13E<P1V006,0*1B
!AIVDO,1,1,,,B5Pihk@106Fl4N4@Pja3q=0QV006,0*5E
!AIVDO,1,1,,,B5Pihk@106Fl554@Pi=4=>11V006,0*52
!AIVDO,1,1,,,B5Pihk@106Fl5cT@Pgi3q<1QV006,0*17
!AIVDO,1,1,,A,B5Pihk@106Fl5cT@Pgi3q<QQT@2S,0*23
!AIVDO,1,1,,,B5Pihk@106Fl6BT@PfE3q=21V006,0*7A
!AIVDO,1,1,,,B5Pihk@0wnFl6q4@Pdm4A=2QV006,0*4A
!AIVDO,1,1,,,B5Pihk@106Fl7OT@PcI4==31V006,0*35
!AIVDO,1,1,,,B5Pihk@10FFl86T@Pau3u=SQV006,0*42
$AIALR,,,V,V,*7B
!AIVDO,1,1,,,B5Pihk@106Fl8eT@P`M4i>T1V006,0*27
!AIVDO,1,1,,B,B5Pihk@106Fl8eT@P`M4i>41T<05,0*08
!AIVDO,1,1,,,B5Pihk@0wVFl9CT@PVq55>TQV006,0*11
!AIVDO,1,1,,,B5Pihk@0wnFl9qT@PUE5e?51V006,0*7C
!AIVDO,1,1,,,B5Pihk@0wnFl:OT@PSe5A>5QV006,0*22
!AIVDO,1,1,,,B5Pihk@10FFl;5T@PR95Q=V1V006,0*7A
!AIVDO,1,1,,,B5Pihk@10FFl;d4@PPU4e=VQV006,0*70
!AIVDO,1,1,,A,B5Pihk@10FFl<BT@PO14m=71TH8V,0*10
!AIVDO,1,1,,,B5Pihk@10FFl<BT@PO14m=71V006,0*43
!AIVDO,1,1,,,B5Pihk@106Fl<q4@PMM4e=WQV006,0*16
!AIVDO,1,1,,,B5Pihk@0wnFl=OT@PKu4a=`1V006,0*3A
!AIVDO,1,1,,,B5Pihk@106Fl>64@PJM4a=`QV006,0*67
!AIVDO,1,1,,,B5Pihk@106Fl>dT@PHq51=a1V006,0*5B
!AIVDO,1,1,,B,B5Pihk@106Fl>dT@PHq51=a1T<05,0*14
!AIVDO,1,1,,,B5Pihk@106Fl?C4@PGE4a=aQV006,0*17
!AIVDO,1,1,,,B5Pihk@106Fl?qT@PEm4a<b1V006,0*0D
!AIVDO,1,1,,,B5Pihk@106Fl@P4@PDE4E=bQV006,0*5F
!AIVDO,1,1,,,B5Pihk@106FlA6T@PBm4M=;1V006,0*47
!AIVDO,1,1,,,B5Pihk@106FlAeT@PAI4E=;QV006,0*5B
!AIVDO,1,1,,A,B5Pihk@106FlAeT@PAI4E=;QTD05,0*6F
!AIVDO,1,1,,,B5Pihk@10FFlBD4@P?q4A<<1V006,0*4D
!AIVDO,1,1,,,B5Pihk@106FlBrT@P>M3m<dQV006,0*45
!AIVDO,1,1,,,B5Pihk@10FFlCQT@P=13a<=1V006,0*5D
!AIVDO,1,1,,,B5Pihk@106FlD8T@P;a3U=eQV006,0*18
!AIVDO,1,1,,,B5Pihk@0wnFlDgT@P:A3I<>1V006,0*5E
!AIVDO,1,1,,B,B5Pihk@0wnFlDgT@P:A3I<f1TD05,0*31
!AIVDO,1,1,,,B5Pihk@10FFlEF4@P8m3e>fQV006,0*48
!AIVDO,1,1,,,B5Pihk@0wnFlEu4@P7I4E=g1V006,0*7B
!AIVDO,1,1,,D,KmPihkGt`Uj;Q<Vh,0*39
!AIVDO,1,1,,,B5Pihk@106FlFST@P5u3m=gQV006,0*51
$PFEC,BFT,R,0*0E
!AIVDO,1,1,,,B5Pihk@106FlG:T@P4Q4E=h1V006,0*5C
!AIVDO,1,1,,A,B5Pihk@0wnFlGi4@P354==@QTHCm,0*31
!AIVDO,1,1,,,B5Pihk@0wnFlGi4@P354==hQV006,0*0A
!AIVDO,1,1,,,B5Pihk@106FlHGT@P1U4e>A1V006,0*25
!AIVDO,1,1,,,B5Pihk@106FlHv4@P054U>AQV006,0*45
!AIVDO,1,1,,,B5Pihk@0wnFlIT4@OvQ5=>B1V006,0*4F
!AIVDO,1,1,,,B5Pihk@106FlJ:T@Otu55>BQV006,0*12
!AIVDO,1,1,,,B5Pihk@0wVFlJhT@OsE5I=k1V006,0*67
!AIVDO,1,1,,B,B5Pihk@0wVFlJhT@OsE5I=k1T<05,0*28
!AIVDO,1,1,,,B5Pihk@10FFlKG4@Oqi55=kQV006,0*4D
!AIVDM,1,1,,A,15N`8DgP19IKaspA400nFww@05it,0*2A
!AIVDO,1,1,,,B5Pihk@0wnFlKu4@Op=59=l1V006,0*2F
!AIVDO,1,1,,,B5Pihk@106FlLS4@OnU69?DQV006,0*2F
!AIVDO,1,1,,,B5Pihk@0wVFlM8T@Olm6U?E1V006,0*34
!AIVDO,1,1,,,B5Pihk@0wVFlMf4@Ok96I>EQV006,0*24
!AIVDO,1,1,,A,B5Pihk@0wVFlMf4@Ok96I=mQT@J9,0*49
!AIVDO,1,1,,,B5Pihk@0wnFlND4@OiM5a=n1V006,0*28
!AIVDO,1,1,,,B5Pihk@10FFlNr4@Ogm5a=nQV006,0*3E
!AIVDO,1,1,,,B5Pihk@0wnFlOP4@Of=5u?G1V006,0*7D
!AIVDO,1,1,,,B5Pihk@0wFFlP5T@OdQ5m=oQV006,0*73
!AIVDO,1,1,,,B5Pihk@106FlPcT@Obu5E>H1V006,0*5D
!AIVDO,1,1,,B,B5Pihk@106FlPcT@Obu5E>H1T@Lg,0*40
!AIVDO,1,1,,,B5Pihk@10FFlQB4@OaE5I=pQV006,0*09
!AIVDO,1,1,,,B5Pihk@10FFlQpT@OWe4u>I1V006,0*2A
!AIVDO,1,1,,,B5Pihk@106FlRO4@OV94m=qQV006,0*18
!AIVDO,1,1,,,B5Pihk@106FlS5T@OTU55>J1V006,0*6C
!AIVDO,1,1,,,B5Pihk@0wFFlScT@OS15i>JQV006,0*53
!AIVDO,1,1,,A,B5Pihk@0wFFlScT@OS15i>JQT@Od,0*4D
!AIVDO,1,1,,,B5Pihk@0wVFlTA4@OQI5U=s1V006,0*1A
!AIVDO,1,1,,,B5Pihk@106FlTo4@OOi5m>sQV006,0*77
!AIVDO,1,1,,,B5Pihk@106FlUM4@ON95i>L1V006,0*5E
!AIVDO,1,1,,,B5Pihk@106FlV34@OLM5U>LQV006,0*09
!AIVDO,1,1,,,B5Pihk@106FlVa4@OJm5i>M1V006,0*20
!AIVDO,1,1,,B,B5Pihk@106FlVa4@OJm5i>M1T8Ri,0*55
!AIVDO,1,1,,,B5Pihk@106FlW?T@OIA59=uQV006,0*3B
!AIVDO,1,1,,,B5Pihk@10FFlWn4@OGa5I>01V006,0*02
!AIVDO,1,1,,,B5Pihk@10VFl`LT@OF15I>PQV006,0*36
!AIVDO,1,1,,,B5Pihk@0wVFla2T@ODE5u>Q1V006,0*24
!AIVDM,1,1,,A,15NKCl<01=qKOkpA4tnJUHIp0W3h,0*5B
!AIVDO,1,1,,,B5Pihk@106Fla`T@OBe5a>1QV006,0*62
!AIVDO,1,1,,A,B5Pihk@106Fla`T@OBe5a>QQT<06,0*4D
!AIVDO,1,1,,,B5Pihk@0wnFlb>4@OA169>21V006,0*2E
!AIVDO,1,1,,,B5Pihk@106Flbl4@O?E6E>RQV006,0*14
!AIVDO,1,1,,,B5Pihk@0wnFlcJ4@O=a6=?31V006,0*73
!AIVDO,1,1,,,B5Pihk@106FlcwT@O;u6e>SQV006,0*7B
$AIALR,,,V,V,*7B
!AIVDO,1,1,,,B5Pihk@10FFldU4@O:=6i?41V006,0*0D
!AIVDO,1,1,,B,B5Pihk@10FFldU4@O:=6i>T1T85b,0*75
!AIVDO,1,1,,,B5Pihk@0wnFle;4@O8M6M>TQV006,0*5B
!AIVDO,1,1,,,B5Pihk@106FlehT@O6e6a>U1V006,0*1D
!AIVDO,1,1,,,B5Pihk@106FlfFT@O4u75?5QV006,0*76
!AIVDO,1,1,,,B5Pihk@0wnFlft4@O357Q?V1V006,0*1A
!AIVDO,1,1,,,B5Pihk@0wVFlgQ4@O1A6u>VQV006,0*34
!AIVDM,1,1,,B,15NKCl<01=qKOcJA4tp:V8Ip0W3h,0*77
!AIVDO,1,1,,A,B5Pihk@0wVFlgQ4@O1A6u>VQTD06,0*03
!AIVDO,1,1,,,B5Pihk@10VFlh6T@NwQ71?71V006,0*68
!AIVDO,1,1,,,B5Pihk@106Flhd4@Nua7E@7QV006,0*63
!AIVDO,1,1,,,B5Pihk@0wVFliA4@Nsm7U?81V006,0*6B
!AIVDO,1,1,,,B5Pihk@0wnFlin4@Nqu7m?`QV006,0*66
!AIVDO,1,1,,,B5Pihk@0wnFljK4@Np97m@91V006,0*4B
!AIVDO,1,1,,B,B5Pihk@0wnFljK4@Np97m@91T8;;,0*05
!AIVDO,1,1,,,B5Pihk@106Flk04@NnA7U?9QV006,0*6E
!AIVDO,1,1,,,B5Pihk@106FlkUT@NlI7a@:1V006,0*49
!AIVDO,1,1,,,B5Pihk@106Fll:T@NjU7U?:QV006,0*10
!AIVDO,1,1,,,B5Pihk@10FFllh4@Nhe7m@;1V006,0*46
!AIVDO,1,1,,,B5Pihk@10VFlmET@Nfi7i@;QV006,0*7C
!AIVDO,1,1,,A,B5Pihk@10VFlmET@Nfi7i@;QT@>6,0*41
!AIVDO,1,1,,,B5Pihk@106FlmrT@Ndm8M@d1V006,0*39
!AIVDO,1,1,,,B5Pihk@0wVFlnOT@Nbq8E@dQV006,0*53
!AIVDO,1,1,,,B5Pihk@106Flo44@N`q8e@e1V006,0*2C
!AIVDO,1,1,,,B5Pihk@0wnFlo`T@NVq9MA=QV006,0*20
!AIVDO,1,1,,,B5Pihk@0w6Flp<T@NTq99@f1V006,0*77
!AIVDO,1,1,,B,B5Pihk@0w6Flp<T@NTq99@f1T@A>,0*3E
!AIVDO,1,1,,,B5Pihk@0v6FlphT@NRq8U?fQV006,0*56
!AIVDO,1,1,,,B5Pihk@0rVFlqC4@NQ57e@g1V006,0*1E
!AIVDO,1,1,,,B5Pihk@0mVFlqkT@NOM7q@gQV006,0*5B
$PFEC,BFT,R,0*0E
!AIVDO,1,1,,,B5Pihk@0gVFlrA4@NMu7uAh1V006,0*48
!AIVDO,1,1,,A,B5Pihk@0aVFlrbT@NLa8iBhQTD06,0*5F
!AIVDO,1,1,,,B5Pihk@0aVFlrbT@NLa8iBhQV006,0*68
!AIVDO,1,1,,,B5Pihk@0SVFls0T@NKI91CA1V006,0*37
!AIVDO,1,1,,,B5Pihk@0N6FlsCT@NJI8mCAQV006,0*05
!AIVDO,1,1,,,B5Pihk@0HVFlsS4@NIQ85BB1V006,0*32
!AIVDO,1,1,,,B5Pihk@0CFFlsgT@NHq8eAjQV006,0*47
!AIVDO,1,1,,,B5Pihk@0?6FlsqT@NHE8uBC1V006,0*33
!AIVDO,1,1,,B,B5Pihk@0?6FlsqT@NHE8uBC1T000,0*75
!AIVDO,1,1,,,B5Pihk@0<6Flt1T@NGq7QBCQV006,0*07
!AIVDM,1,1,,A,15N`8DgP19IKb8`A3sInFgw@00Ru,0*60
!AIVDO,1,1,,,B5Pihk@0;VFlt8T@NGU5eAD1V006,0*1F
!AIVDO,1,1,,,B5Pihk@0;VFlt?4@NGA6q@DQV006,0*1A
!AIVDO,1,1,,,B5Pihk@0<6FltF4@NFu7=AE1V006,0*1C
!AIVDO,1,1,,,B5Pihk@0<FFltM4@NFU8e@mQV006,0*59
!AIVDO,1,1,,A,B5Pihk@0<FFltM4@NFU8e@mQV8S@,0*05
!AIVDO,1,1,,,B5Pihk@0;nFltT4@NFA55AF1V006,0*6C
!AIVDO,1,1,,,B5Pihk@0;FFltc4@NEq:5AFQV006,0*2F
!AIVDO,1,1,,,B5Pihk@0;6FltiT@NEU61BG1V006,0*7B
!AIVDO,1,1,,,B5Pihk@0:VFltoT@NEA8QAoQV006,0*2D
!AIVDO,1,1,,,B5Pihk@0:FFltuT@NDu7EAH1V006,0*4E
!AIVDO,1,1,,B,B5Pihk@0:FFltuT@NDu7EAH1T000,0*08
!AIVDO,1,1,,,B5Pihk@0:6Flu3T@NDa7iBpQV006,0*1A
!AIVDO,1,1,,,B5Pihk@0:6Flu9T@NDE:aAq1V006,0*53
!AIVDO,1,1,,,B5Pihk@0:6Flu?T@ND179CIQV006,0*2E
!AIVDO,1,1,,,B5Pihk@09VFluE4@NCe9=Br1V006,0*54
!AIVDM,1,1,,B,15NKCl<01=qKO=JA4ts:V8Ip0W3h,0*2A
!AIVDO,1,1,,,B5Pihk@09VFluJT@NCM8ICJQV006,0*3F
!AIVDO,1,1,,A,B5Pihk@09VFluJT@NCM8ICJQT000,0*7A
!AIVDO,1,1,,,B5Pihk@09VFluP4@NC9:ECs1V006,0*66
!AIVDO,1,1,,,B5Pihk@09VFluUT@NBm9ADKQV006,0*0E
!AIVDO,1,1,,,B5Pihk@09FFluc4@NBQ8mCt1V006,0*01
!AIVDO,1,1,,,B5Pihk@08nFluh4@NBA8=CLQV006,0*3B
!AIVDO,1,1,,,B5Pihk@096Flum4@NAu<iDu1V006,0*5E
!AIVDO,1,1,,B,B5Pihk@096Flum4@NAu<iDu1T000,0*18
!AIVDO,1,1,,,B5Pihk@08nFlur4@NAa7aDuQV006,0*6F
!AIVDM,1,1,,A,15N`8DgP1:IKb=0A3qo6Fwv0080J,0*7E
!AIVDO,1,1,,,B5Pihk@08nFluwT@NAE;ID01V006,0*2F
!AIVDO,1,1,,,B5Pihk@08nFlv4T@NA59QE0QV006,0*64
!AIVDO,1,1,,,B5Pihk@08FFlv94@N@i;9E11V006,0*77
!AIVDM,1,1,,B,15NBW6<000qKbTDA4PD:7:>20H20,0*28
!AIVDO,1,1,,,B5Pihk@08VFlv>4@N@M;QD1QV006,0*4D
!AIVDO,1,1,,A,B5Pihk@08VFlv>4@N@M;QDQQT000,0*68
!AIVDO,1,1,,,B5Pihk@08VFlvC4@N@98MFR1V006,0*5A
!AIVDO,1,1,,,B5Pihk@086FlvGT@N?q@9DRQV006,0*07
!AIVDO,1,1,,,B5Pihk@08VFlvL4@N?U8=F31V006,0*57
!AIVDO,1,1,,,B5Pihk@086FlvP4@N?AB1G3QV006,0*28
$AIALR,,,V,V,*7B
!AIVDO,1,1,,,B5Pihk@07nFlvT4@N>q<AFT1V006,0*42
!AIVDO,1,1,,B,B5Pihk@07nFlvT4@N>q<AHT1T000,0*0A
!AIVDO,1,1,,,B5Pihk@07nFlv`T@N>U@9I4QV006,0*39
!AIVDM,1,1,,B,15N`8DgP1;IKb?DA3q5FB?vD00SR,0*6B
!AIVDO,1,1,,,B5Pihk@07nFlvd4@N>ABuIU1V006,0*06
!AIVDO,1,1,,B,B5Pihk@07nFlvd4@N>ABuIU1V9Ah,0*62
!AIVDO,1,1,,,B5Pihk@07VFlvh4@N=q>aJUQV006,0*0A
!AIVDM,1,1,,A,15NBW6<000qKbTBA4PD:7:>H00T4,0*4D
!AIVDO,1,1,,,B5Pihk@07FFlvkT@N=UC=JV1V006,0*1F
!AIVDO,1,1,,,B5Pihk@07VFlvo4@N==BAKVQV006,0*1F
!AIVDO,1,1,,A,B5Pihk@07VFlvo4@N==BAL6QT000,0*3D
!AIVDO,1,1,,,B5Pihk@07FFlvrT@N<mEiL71V006,0*0A
!AIVDO,1,1,,,B5Pihk@07FFlvv4@N<QBIL7QV006,0*15
!AIVDO,1,1,,,B5Pihk@07FFlw14@N<9D9M81V006,0*23
!AIVDO,1,1,,,B5Pihk@076Flw44@N;iG9L8QV006,0*63
!AIVDO,1,1,,,B5Pihk@07FFlw7T@N;I?mN91V006,0*1F
!AIVDO,1,1,,B,B5Pihk@07FFlw7T@N;I?mN91T000,0*59
!AIVDO,1,1,,,B5Pihk@06nFlw:T@N;5FAM9QV006,0*71
!AIVDO,1,1,,,B5Pihk@06nFlw=4@N:aEEMb1V006,0*7F
!AIVDM,1,1,,A,15N`8DgP1<IKbADA3pBnPgv`00R6,0*44
!AIVDO,1,1,,,B5Pihk@06nFlw@4@N:AHqO:QV006,0*21
!AIVDM,1,1,,B,15NBW6<000qKbTBA4PD:7:>`05j4,0*5D
!AIVDO,1,1,,,B5Pihk@06VFlwBT@N9qI=N;1V006,0*65
!AIVDO,1,1,,,B5Pihk@06nFlwE4@N9QJAP;QV006,0*1B
!AIVDO,1,1,,A,B5Pihk@06nFlwE4@N9QJAP;QT000,0*5E
!AIVDO,1,1,,,B5Pihk@06VFlwGT@N99KQP<1V006,0*5F
!AIVDO,1,1,,,B5Pihk@06nFlwIT@N8eLaQ<QV006,0*62
!AIVDO,1,1,,,B5Pihk@06VFlwL4@N8EMEQ=1V006,0*5B
!AIVDO,1,1,,,B5Pihk@06nFlwN4@N7qMmR=QV006,0*11
!AIVDO,1,1,,,B5Pihk@06VFlwOT@N7MOuQf1V006,0*56
!AIVDO,1,1,,B,B5Pihk@06VFlwOT@N7MOuR>1T000,0*4B
!AIVDM,1,1,,B,B5PihkP10VFjr34@KVpr@o>1TD0K,0*22
!AIVDO,1,1,,,B5Pihk@06nFlwQT@N71O1S>QV006,0*72
!AIVDM,1,1,,B,15N`8DgP1<IKbC0A3oO6Swvt00SG,0*0C
!AIVDO,1,1,,,B5Pihk@06VFlwST@N6aPqRg1V006,0*7E
!AIVDM,2,1,1,B,55N`8D`000;1L@SSGCD@uDLh5>0:22222222220O1p543t0000000000,0*7F
!AIVDM,2,2,1,B,000000000000000,2*26
!AIVDO,1,1,,,B5Pihk@06FFlwUT@N6=NuRgQV006,0*4E
$PFEC,BFT,R,0*0E
!AIVDO,1,1,,,B5Pihk@08FFlwW4@N5iTMT@1V006,0*16
!AIVDO,1,1,,A,B5Pihk@09FFlwa4@N5=VMS@QT000,0*55
!AIVDO,1,1,,,B5Pihk@09FFlwa4@N5=VMShQV006,0*38
!AIVDM,1,1,,A,B5PihkP0pnFju6T@KUdplmhQTD0K,0*37
!AIVDO,1,1,,,B5Pihk@0<nFlwbT@N4McAWA1V006,0*73
!AIVDO,1,1,,,B5Pihk@0>VFlwc4@N3Qgq`iQV006,0*78
!AIVDO,1,1,,,B5Pihk@0AFFlwc4@N2IkidB1V006,0*55
!AIVDO,1,1,,,B5Pihk@0CVFlwa4@N15p=gjQV006,0*3E
!AIVDO,1,1,,,B5Pihk@0FnFlwUT@MwasEiC1V006,0*7A
!AIVDM,1,1,,B,B5PihkP0dnFjw`T@KU`q@pk1T000,0*2C
!AIVDO,1,1,,,B5Pihk@0JVFlwP4@Mv1vijCQV006,0*30
!AIVDO,1,1,,,B5Pihk@0N6FlwHT@Mt>0mjl1V006,0*2C
!AIVDO,1,1,,,B5Pihk@0QFFlw?T@MrB2MkDQV006,0*25
!AIVDO,1,1,,B,H5Pihk@l>0EQ0E8TlDq@4j33>20,2*36
!AIVDM,1,1,,B,15NBW6<000qKbT@A4PD:7:?@08Hw,0*12
!AIVDO,1,1,,,B5Pihk@0U6Flw44@Mp:3ekm1V006,0*20
!AIVDO,1,1,,,B5Pihk@0`VFlvo4@Mmn4ekmQV006,0*01
!AIVDM,1,1,,A,B5PihkP0RVFk1WT@KTtqlqEQV8i@,0*04
!AIVDO,1,1,,,B5Pihk@0dFFlv`T@MkF5IlF1V006,0*35
!AIVDO,1,1,,,B5Pihk@0gVFlvH4@Mhf5uknQV006,0*3E
!AIVDO,1,1,,,B5Pihk@0jVFlv64@Mer6UlG1V006,0*39
!AIVDO,1,1,,,B5Pihk@0n6FlujT@Mbr6ukoQV006,0*0A
!AIVDO,1,1,,,B5Pihk@0pnFluMT@MWj7=kp1V006,0*70
!AIVDO,1,1,,A,B5Pihk@0pnFluMT@MWj7=kp1V4Ui,0*0F
!AIVDM,1,1,,B,B5PihkP0CFFk2wT@KT<rpqH1T000,0*3C
!AIVDM,1,1,,B,15N`8DgP1=IKbGVA3mwF8gwR05j4,0*36
!AIVDO,1,1,,,B5Pihk@0sVFlu7T@MTR7QlHQV006,0*39
!AIVDO,1,1,,,B5Pihk@0vFFlthT@MQ67elI1V006,0*46
!AIVDO,1,1,,,B5Pihk@0wVFltH4@MMV7ikqQV006,0*38
!AIVDO,1,1,,,B5Pihk@0wFFlt04@MJ27akr1V006,0*58
!AIVDM,1,1,,A,H5PihkPl>0EQ0E8TlE8q@4j0=J0,2*55
!AIVDO,1,1,,,B5Pihk@0wFFlsWT@MFR7ekJQV006,0*68
!AIVDM,1,1,,A,B5PihkP0;VFk3d4@KT0qdprQT000,0*65
!AIVDO,1,1,,,B5Pihk@0wFFls?4@MC27mks1V006,0*54
!AIVDO,1,1,,,B5Pihk@0wVFlrnT@M?R7eksQV006,0*00
!AIVDO,1,1,,,B5Pihk@0wVFlrMT@M<27mkL1V006,0*17
!AIVDO,1,1,,,B5Pihk@0wnFlr54@M8R7mkLQV006,0*33
!AIVDO,1,1,,,B5Pihk@0wnFlqd4@M4v7qku1V006,0*0C
!AIVDM,1,1,,B,B5PihkP036Fk474@KT4ipou1VDN:,0*28
!AIVDO,1,1,,,B5Pihk@0wnFlqCT@M1J7qkuQV006,0*12
!AIVDO,1,1,,,B5Pihk@0wnFlps4@Lun81kP1V006,0*28
!AIVDO,1,1,,,B5Pihk@106FlpRT@LrB7qk0QV006,0*13
!AIVDO,1,1,,,B5Pihk@106Flp9T@Lnf7ijQ1V006,0*58
!AIVDM,1,1,,A,H5PihkTU653<HaN=35H@3F08000t,0*01
!AIVDO,1,1,,,B5Pihk@106FlohT@Lk:7ik1QV006,0*4E
!AIVDO,1,1,,B,B5Pihk@106FlohT@Lk:7ik1QV4O1,0*70
!AIVDM,1,1,,A,B5PihkP01nFk45T@KT@g@oQQT000,0*1F
!AIVDO,1,1,,,B5Pihk@106FloH4@LgV7Qk21V006,0*35
!AIVDO,1,1,,,B5Pihk@10FFlnw4@Ld27ekRQV006,0*28
!AIVDO,1,1,,,B5Pihk@10FFlnV4@L`R7ml31V006,0*63
!AIVDO,1,1,,,B5Pihk@106Fln=4@LTv7ekSQV006,0*67
$AIALR,,,V,V,*7B
!AIVDO,1,1,,,B5Pihk@106FlmlT@LQJ7ekT1V006,0*0B
!AIVDM,1,1,,B,B5PihkP01nFk464@KTDePoT1T000,0*0C
!AIVDO,1,1,,,B5Pihk@10VFlmKT@LMn7mkTQV006,0*1C
!AIVDO,1,1,,,B5Pihk@10FFlm34@LJB7ml51V006,0*39
!AIVDO,1,1,,,B5Pihk@106Fllb4@LFf7qkUQV006,0*2A
!AIVDO,1,1,,,B5Pihk@10FFllA4@LC:7il61V006,0*3C
!AIVDO,1,1,,,B5Pihk@10VFlkp4@L?V7ikVQV006,0*0D
!AIVDO,1,1,,B,H5PihkDU653<Hcf=35H@hk0`000t,0*14
!AIVDM,1,1,,A,B5PihkP01FFk464@KTDhDp6QT000,0*23
!AIVDO,1,1,,,B5Pihk@10FFlkO4@L<27ml71V006,0*47
!AIVDO,1,1,,,B5Pihk@10FFlk6T@L8N7qlWQV006,0*3A
!AIVDO,1,1,,,B5Pihk@106FljeT@L4n7ql81VP06,0*5B
!AIVDO,1,1,,,B5Pihk@10VFljDT@L1B7mk8QVP06,0*48
!AIVDO,1,1,,,B5Pihk@10VFlisT@Kuf7eka1VP06,0*2A
!AIVDM,1,1,,B,B5PihkP016Fk474@KTDgdoa1T000,0*56
!AIVDO,1,1,,,B5Pihk@10VFliRT@Kr:7ml9QVP06,0*67
!AIVDO,1,1,,A,B5Pihk@10VFliRT@Kr:7mk9QVP01,0*26
!AIVDO,1,1,,,B5Pihk@10FFli9T@KnV7il:1VP06,0*0B
!AIVDO,1,1,,,B5Pihk@10VFlhhT@Kk27ql:QVP06,0*52
!AIVDM,1,1,,B,15NBW6<000qKbT@A4PCb7:>`00Sg,0*6F
!AIVDO,1,1,,,B5Pihk@10FFlhGT@KgN7qlc1VP06,0*24
!AIVDM,1,1,,A,B5PihkP02VFk484@KTH`docQT000,0*50
!AIVDO,1,1,,,B5Pihk@10FFlgw4@Kcr7am;QVP06,0*6A
!AIVDO,1,1,,,B5Pihk@10VFlgV4@K`F7eld1VP06,0*56
!AIVDO,1,1,,,B5Pihk@10VFlg<T@KTj7em<QVP06,0*7D
!AIVDO,1,1,,,B5Pihk@10nFlfkT@KQ:81le1VP06,0*25
!AIVDO,1,1,,,B5Pihk@10VFlfJ4@KMV7mleQVP06,0*1F
!AIVDO,1,1,,,B5Pihk@10FFlf1T@KJ27al>1V006,0*20
!AIVDM,1,1,,B,B5PihkP026Fk484@KT`Hhp>1T000,0*1D
!AIVDO,1,1,,,B5Pihk@10FFle`T@KFJ7ekfQV006,0*3D
!AIVDO,1,1,,,B5Pihk@10VFle?T@KBn7Ul?1V006,0*5C
!AIVDO,1,1,,C,KmPihkGt`VR;NdeT,0*4D
!AIVDO,1,1,,,B5Pihk@10VFldnT@K?B7ilgQV006,0*59
$PFEC,BFT,R,0*0E
!AIVDO,1,1,,,B5Pihk@10VFldMT@K;j7ml@1V006,0*15
!AIVDO,1,1,,,B5Pihk@10FFld4T@K8>7ml@QV006,0*4B
!AIVDM,1,1,,A,B5PihkP00nFk48T@KTdNho@QT000,0*27
!AIVDO,1,1,,B,B5Pihk@10FFld4T@K8>7ml@QV001,0*0E
!AIVDO,1,1,,,B5Pihk@10nFlccT@K4V7qlA1V006,0*2A
!AIVDO,1,1,,,B5Pihk@10VFlcBT@K127iliQV006,0*02
!AIVDO,1,1,,,B5Pihk@106FlbqT@JuJ7mlj1V006,0*0A
!AIVDO,1,1,,,B5Pihk@10VFlbQ4@Jqn7iljQV006,0*6E
!AIVDO,1,1,,,B5Pihk@10VFlb84@JnB81lk1V006,0*02
!AIVDO,1,1,,,B5Pihk@10FFlag4@Jjf7ulkQV006,0*45
!AIVDO,1,1,,,B5Pihk@10FFlaF4@Jg:7ull1V006,0*52
!AIVDO,1,1,,,B5Pihk@10FFl`u4@JcV7umDQV006,0*41
!AIVDO,1,1,,,B5Pihk@10FFl`ST@J`27ulm1V006,0*28
!AIVDO,1,1,,,B5Pihk@10VFl`:T@JTN7ulmQV006,0*79
!AIVDO,1,1,,,B5Pihk@10FFlWiT@JPv7qlF1V006,0*7E
!AIVDO,1,1,,,B5Pihk@10VFlWHT@JMJ7UknQV006,0*05
!AIVDO,1,1,,,B5Pihk@10VFlW04@JIj7EkG1VP06,0*00
!AIVDO,1,1,,,B5Pihk@10VFlV`4@JF:75koQVP06,0*36
!AIVDO,1,1,,,B5Pihk@10VFlV?T@JBN6ukH1VP06,0*7F
!AIVDO,1,1,,A,B5Pihk@10VFlV?T@JBN6ukp1ThLn,0*18
!AIVDO,1,1,,,B5Pihk@10FFlUoT@J>j6UkpQVP06,0*1C
!AIVDO,1,1,,,B5Pihk@10nFlUP4@J;:6Mkq1VP06,0*47
!AIVDO,1,1,,,B5Pihk@10FFlU8T@J7J69kIQVP06,0*37
!AIVDO,1,1,,,B5Pihk@10FFlTi4@J3f5mjr1VP06,0*22
!AIVDO,1,1,,,B5Pihk@10VFlTJ4@J025MjJQVP06,0*3E
!AIVDO,1,1,,,B5Pihk@106FlT3T@ItB4Uis1VP06,0*33
!AIVDO,1,1,,,B5Pihk@10VFlSfT@IpJ3ihsQVP06,0*57
!AIVDO,1,1,,,B5Pihk@10FFlSJT@IlN2Ugt1VP06,0*26
!AIVDO,1,1,,,B5Pihk@10VFlS74@IhR1UgLQVP06,0*68
!AIVDO,1,1,,,B5Pihk@10VFlRlT@IdR0afu1VP06,0*33
!AIVDO,1,1,,,B5Pihk@10VFlRRT@I`N0IhMQVP06,0*6B
!AIVDM,1,1,,A,15N`8DgP1;IKbcfA3hOV>gv000Rw,0*11
!AIVDO,1,1,,,B5Pihk@10FFlRA4@ITJ0aiP1VP06,0*6C
!AIVDO,1,1,,,B5Pihk@10VFlQvT@IPF1AjPQVP06,0*62
!AIVDO,1,1,,,B5Pihk@106FlQcT@ILJ2EkQ1VP06,0*60
!AIVDO,1,1,,,B5Pihk@10VFlQH4@IHN3Al1QVP06,0*49
!AIVDO,1,1,,B,B5Pihk@10VFlQH4@IHN3Al1QVP<h,0*59
!AIVDO,1,1,,,B5Pihk@106FlQ34@IDV4AkR1VP06,0*45
!AIVDO,1,1,,B,B5Pihk@106FlQ34@IDV4Al21WQHi,0*47
!AIVDO,1,1,,,B5Pihk@106FlPe4@I@j51kRQWP06,0*3A
!AIVDO,1,1,,,B5Pihk@10FFlPFT@I=25el31WP06,0*7E
!AIVDO,1,1,,,B5Pihk@10FFlOw4@I9F69l3QWP06,0*7F
$AIALR,,,V,V,*7B
!AIVDO,1,1,,,B5Pihk@106FlOWT@I5f6em41WP06,0*59
!AIVDO,1,1,,,B5Pihk@10FFlO?T@I2675lTQWP06,0*46
!AIVDO,1,1,,,B5Pihk@10FFlNnT@HvR7MlU1WP06,0*2E
!AIVDM,1,1,,B,15N`8DgP1;IKbfJA3geV>?vD0@6U,0*04
!AIVDO,1,1,,,B5Pihk@10VFlNN4@Hrv7Ul5QWP06,0*46
!AIVDO,1,1,,,B5Pihk@10FFlN54@HoF7ilV1VP06,0*3E
!AIVDO,1,1,,,B5Pihk@10FFlMd4@Hkn7qlVQVP06,0*38
!AIVDO,1,1,,B,B5Pihk@10VFlMBT@HhB85l71VQM1,0*32
!AIVDO,1,1,,,B5Pihk@10VFlMBT@HhB85l71VP06,0*0B
!AIVDO,1,1,,,B5Pihk@106FlLr4@Hdf7ul7QVP06,0*3D
!AIVDO,1,1,,,B5Pihk@10FFlLPT@Ha:81l81V006,0*12
!AIVDO,1,1,,,B5Pihk@10FFlL7T@HUb81l8QV006,0*79
!AIVDO,1,1,,,B5Pihk@10FFlKfT@HR689l91V006,0*15
!AIVDO,1,1,,,B5Pihk@10FFlKDT@HNV85l9QV006,0*27
!AIVDO,1,1,,A,B5Pihk@10FFlKDT@HNV85kaQV1GA,0*38
!AIVDO,1,1,,,B5Pihk@10FFlJsT@HK281kb1V006,0*48
!AIVDO,1,1,,,B5Pihk@10FFlJS4@HGN81l:QV006,0*47
!AIVDO,1,1,,,B5Pihk@10FFlJ:4@HCr7ql;1V006,0*38
!AIVDO,1,1,,,B5Pihk@10FFlIi4@H@F7ukcQV006,0*64
!AIVDO,1,1,,B,B5Pihk@106FlIH4@H<j7mld1V1OQ,0*46
!AIVDO,1,1,,,B5Pihk@106FlIH4@H<j7mld1V006,0*1D
!AIVDO,1,1,,,B5Pihk@10FFlHw4@H9>7mkdQV006,0*65
!AIVDO,1,1,,,B5Pihk@10FFlHV4@H5f7mke1V006,0*71
!AIVDO,1,1,,,B5Pihk@10FFlH=4@H2:7mkeQV006,0*21
!AIVDO,1,1,,,B5Pihk@10FFlGl4@GvR7al>1V006,0*6C
!AIVDO,1,1,,A,B5Pihk@10VFlGK4@Gs27elfQV1Ri,0*7F
!AIVDO,1,1,,,B5Pihk@10VFlGK4@Gs27el>QV006,0*5A
!AIVDO,1,1,,,B5Pihk@10FFlG24@GoN7el?1V006,0*32
!AIVDO,1,1,,,B5Pihk@10FFlFb4@Gkn7Ul?QV006,0*17
$PFEC,BFT,R,0*0E
!AIVDO,1,1,,,B5Pihk@10FFlFAT@GhB7akh1VP06,0*1F
!AIVDO,1,1,,,B5Pihk@10FFlEpT@Gdb7al@QVP06,0*4E
!AIVDO,1,1,,B,B5Pihk@10FFlEpT@Gdb7akhQTP00,0*27
!AIVDO,1,1,,B,B5Pihk@10FFlEOT@Ga:7aki1VQO1,0*59
!AIVDO,1,1,,,B5Pihk@10FFlEOT@Ga:7alA1VP06,0*4D
!AIVDO,1,1,,,B5Pihk@106FlE74@GUR7elAQVP06,0*1D
!AIVDO,1,1,,,B5Pihk@106FlDf4@GQv7Ukj1WP06,0*10
!AIVDO,1,1,,,B5Pihk@10FFlDET@GNJ7alBQWP06,0*7B
!AIVDO,1,1,,,B5Pihk@106FlCtT@GJn7Ukk1V006,0*06
!AIVDO,1,1,,,B5Pihk@10FFlCT4@GG>7MkkQV006,0*13
